ctp_length     : 236(566)
real_ctp_length: 22f(559)
ctp_input      :   2(  2)
ctp_output     :   2(  2)
ctp_no_tables  :   0(  0)
ctp_room_tables:   0(  0)
ctp_no_states  :   1(  1)
ctp_room_states: 22e(558)

State  0( 0): 22e(558) entries

State  0( 0), entry   0(  0): OTP_LEFT_START       0(  0)
State  0( 0), entry   1(  1): OTP_GOTO_NE         66(102,`f')
State  0( 0), entry   2(  2):                      b( 11)
State  0( 0), entry   3(  3): OTP_GOTO_NO_ADVANCE  b( 11)
State  0( 0), entry   4(  4): OTP_GOTO_NE         66(102,`f')
State  0( 0), entry   5(  5):                      b( 11)
State  0( 0), entry   6(  6): OTP_GOTO_NO_ADVANCE  b( 11)
State  0( 0), entry   7(  7): OTP_GOTO_NE         69(105,`i')
State  0( 0), entry   8(  8):                      b( 11)
State  0( 0), entry   9(  9): OTP_RIGHT_NUM       223(547)
State  0( 0), entry   a( 10): OTP_STOP             0(  0)
State  0( 0), entry   b( 11): OTP_LEFT_RETURN      0(  0)
State  0( 0), entry   c( 12): OTP_GOTO_NE         66(102,`f')
State  0( 0), entry   d( 13):                     16( 22)
State  0( 0), entry   e( 14): OTP_GOTO_NO_ADVANCE 16( 22)
State  0( 0), entry   f( 15): OTP_GOTO_NE         66(102,`f')
State  0( 0), entry  10( 16):                     16( 22)
State  0( 0), entry  11( 17): OTP_GOTO_NO_ADVANCE 16( 22)
State  0( 0), entry  12( 18): OTP_GOTO_NE         6c(108,`l')
State  0( 0), entry  13( 19):                     16( 22)
State  0( 0), entry  14( 20): OTP_RIGHT_NUM       224(548)
State  0( 0), entry  15( 21): OTP_STOP             0(  0)
State  0( 0), entry  16( 22): OTP_LEFT_RETURN      0(  0)
State  0( 0), entry  17( 23): OTP_GOTO_NE         66(102,`f')
State  0( 0), entry  18( 24):                     21( 33,`!')
State  0( 0), entry  19( 25): OTP_GOTO_NO_ADVANCE 21( 33,`!')
State  0( 0), entry  1a( 26): OTP_GOTO_NE         66(102,`f')
State  0( 0), entry  1b( 27):                     21( 33,`!')
State  0( 0), entry  1c( 28): OTP_GOTO_NO_ADVANCE 21( 33,`!')
State  0( 0), entry  1d( 29): OTP_GOTO_NE         6a(106,`j')
State  0( 0), entry  1e( 30):                     21( 33,`!')
State  0( 0), entry  1f( 31): OTP_RIGHT_NUM       22a(554)
State  0( 0), entry  20( 32): OTP_STOP             0(  0)
State  0( 0), entry  21( 33): OTP_LEFT_RETURN      0(  0)
State  0( 0), entry  22( 34): OTP_GOTO_NE         66(102,`f')
State  0( 0), entry  23( 35):                     2c( 44,`,')
State  0( 0), entry  24( 36): OTP_GOTO_NO_ADVANCE 2c( 44,`,')
State  0( 0), entry  25( 37): OTP_GOTO_NE         66(102,`f')
State  0( 0), entry  26( 38):                     2c( 44,`,')
State  0( 0), entry  27( 39): OTP_GOTO_NO_ADVANCE 2c( 44,`,')
State  0( 0), entry  28( 40): OTP_GOTO_NE         12f(303)
State  0( 0), entry  29( 41):                     2c( 44,`,')
State  0( 0), entry  2a( 42): OTP_RIGHT_NUM       226(550)
State  0( 0), entry  2b( 43): OTP_STOP             0(  0)
State  0( 0), entry  2c( 44): OTP_LEFT_RETURN      0(  0)
State  0( 0), entry  2d( 45): OTP_GOTO_NE         66(102,`f')
State  0( 0), entry  2e( 46):                     37( 55,`7')
State  0( 0), entry  2f( 47): OTP_GOTO_NO_ADVANCE 37( 55,`7')
State  0( 0), entry  30( 48): OTP_GOTO_NE         66(102,`f')
State  0( 0), entry  31( 49):                     37( 55,`7')
State  0( 0), entry  32( 50): OTP_GOTO_NO_ADVANCE 37( 55,`7')
State  0( 0), entry  33( 51): OTP_GOTO_NE         142(322)
State  0( 0), entry  34( 52):                     37( 55,`7')
State  0( 0), entry  35( 53): OTP_RIGHT_NUM       228(552)
State  0( 0), entry  36( 54): OTP_STOP             0(  0)
State  0( 0), entry  37( 55): OTP_LEFT_RETURN      0(  0)
State  0( 0), entry  38( 56): OTP_GOTO_NE         66(102,`f')
State  0( 0), entry  39( 57):                     42( 66,`B')
State  0( 0), entry  3a( 58): OTP_GOTO_NO_ADVANCE 42( 66,`B')
State  0( 0), entry  3b( 59): OTP_GOTO_NE         66(102,`f')
State  0( 0), entry  3c( 60):                     42( 66,`B')
State  0( 0), entry  3d( 61): OTP_GOTO_NO_ADVANCE 42( 66,`B')
State  0( 0), entry  3e( 62): OTP_GOTO_NE         13a(314)
State  0( 0), entry  3f( 63):                     42( 66,`B')
State  0( 0), entry  40( 64): OTP_RIGHT_NUM       22e(558)
State  0( 0), entry  41( 65): OTP_STOP             0(  0)
State  0( 0), entry  42( 66): OTP_LEFT_RETURN      0(  0)
State  0( 0), entry  43( 67): OTP_GOTO_NE         66(102,`f')
State  0( 0), entry  44( 68):                     4d( 77,`M')
State  0( 0), entry  45( 69): OTP_GOTO_NO_ADVANCE 4d( 77,`M')
State  0( 0), entry  46( 70): OTP_GOTO_NE         66(102,`f')
State  0( 0), entry  47( 71):                     4d( 77,`M')
State  0( 0), entry  48( 72): OTP_GOTO_NO_ADVANCE 4d( 77,`M')
State  0( 0), entry  49( 73): OTP_GOTO_NE         13c(316)
State  0( 0), entry  4a( 74):                     4d( 77,`M')
State  0( 0), entry  4b( 75): OTP_RIGHT_NUM       230(560)
State  0( 0), entry  4c( 76): OTP_STOP             0(  0)
State  0( 0), entry  4d( 77): OTP_LEFT_RETURN      0(  0)
State  0( 0), entry  4e( 78): OTP_GOTO_NE         66(102,`f')
State  0( 0), entry  4f( 79):                     58( 88,`X')
State  0( 0), entry  50( 80): OTP_GOTO_NO_ADVANCE 58( 88,`X')
State  0( 0), entry  51( 81): OTP_GOTO_NE         66(102,`f')
State  0( 0), entry  52( 82):                     58( 88,`X')
State  0( 0), entry  53( 83): OTP_GOTO_NO_ADVANCE 58( 88,`X')
State  0( 0), entry  54( 84): OTP_GOTO_NE         13e(318)
State  0( 0), entry  55( 85):                     58( 88,`X')
State  0( 0), entry  56( 86): OTP_RIGHT_NUM       232(562)
State  0( 0), entry  57( 87): OTP_STOP             0(  0)
State  0( 0), entry  58( 88): OTP_LEFT_RETURN      0(  0)
State  0( 0), entry  59( 89): OTP_GOTO_NE         66(102,`f')
State  0( 0), entry  5a( 90):                     63( 99,`c')
State  0( 0), entry  5b( 91): OTP_GOTO_NO_ADVANCE 63( 99,`c')
State  0( 0), entry  5c( 92): OTP_GOTO_NE         66(102,`f')
State  0( 0), entry  5d( 93):                     63( 99,`c')
State  0( 0), entry  5e( 94): OTP_GOTO_NO_ADVANCE 63( 99,`c')
State  0( 0), entry  5f( 95): OTP_GOTO_NE         140(320)
State  0( 0), entry  60( 96):                     63( 99,`c')
State  0( 0), entry  61( 97): OTP_RIGHT_NUM       234(564)
State  0( 0), entry  62( 98): OTP_STOP             0(  0)
State  0( 0), entry  63( 99): OTP_LEFT_RETURN      0(  0)
State  0( 0), entry  64(100): OTP_GOTO_NE         66(102,`f')
State  0( 0), entry  65(101):                     6b(107,`k')
State  0( 0), entry  66(102): OTP_GOTO_NO_ADVANCE 6b(107,`k')
State  0( 0), entry  67(103): OTP_GOTO_NE         66(102,`f')
State  0( 0), entry  68(104):                     6b(107,`k')
State  0( 0), entry  69(105): OTP_RIGHT_NUM       220(544)
State  0( 0), entry  6a(106): OTP_STOP             0(  0)
State  0( 0), entry  6b(107): OTP_LEFT_RETURN      0(  0)
State  0( 0), entry  6c(108): OTP_GOTO_NE         66(102,`f')
State  0( 0), entry  6d(109):                     73(115,`s')
State  0( 0), entry  6e(110): OTP_GOTO_NO_ADVANCE 73(115,`s')
State  0( 0), entry  6f(111): OTP_GOTO_NE         69(105,`i')
State  0( 0), entry  70(112):                     73(115,`s')
State  0( 0), entry  71(113): OTP_RIGHT_NUM       221(545)
State  0( 0), entry  72(114): OTP_STOP             0(  0)
State  0( 0), entry  73(115): OTP_LEFT_RETURN      0(  0)
State  0( 0), entry  74(116): OTP_GOTO_NE         66(102,`f')
State  0( 0), entry  75(117):                     7b(123,`{')
State  0( 0), entry  76(118): OTP_GOTO_NO_ADVANCE 7b(123,`{')
State  0( 0), entry  77(119): OTP_GOTO_NE         6c(108,`l')
State  0( 0), entry  78(120):                     7b(123,`{')
State  0( 0), entry  79(121): OTP_RIGHT_NUM       222(546)
State  0( 0), entry  7a(122): OTP_STOP             0(  0)
State  0( 0), entry  7b(123): OTP_LEFT_RETURN      0(  0)
State  0( 0), entry  7c(124): OTP_GOTO_NE         66(102,`f')
State  0( 0), entry  7d(125):                     83(131)
State  0( 0), entry  7e(126): OTP_GOTO_NO_ADVANCE 83(131)
State  0( 0), entry  7f(127): OTP_GOTO_NE         6a(106,`j')
State  0( 0), entry  80(128):                     83(131)
State  0( 0), entry  81(129): OTP_RIGHT_NUM       229(553)
State  0( 0), entry  82(130): OTP_STOP             0(  0)
State  0( 0), entry  83(131): OTP_LEFT_RETURN      0(  0)
State  0( 0), entry  84(132): OTP_GOTO_NE         66(102,`f')
State  0( 0), entry  85(133):                     8b(139)
State  0( 0), entry  86(134): OTP_GOTO_NO_ADVANCE 8b(139)
State  0( 0), entry  87(135): OTP_GOTO_NE         12f(303)
State  0( 0), entry  88(136):                     8b(139)
State  0( 0), entry  89(137): OTP_RIGHT_NUM       225(549)
State  0( 0), entry  8a(138): OTP_STOP             0(  0)
State  0( 0), entry  8b(139): OTP_LEFT_RETURN      0(  0)
State  0( 0), entry  8c(140): OTP_GOTO_NE         66(102,`f')
State  0( 0), entry  8d(141):                     93(147)
State  0( 0), entry  8e(142): OTP_GOTO_NO_ADVANCE 93(147)
State  0( 0), entry  8f(143): OTP_GOTO_NE         142(322)
State  0( 0), entry  90(144):                     93(147)
State  0( 0), entry  91(145): OTP_RIGHT_NUM       227(551)
State  0( 0), entry  92(146): OTP_STOP             0(  0)
State  0( 0), entry  93(147): OTP_LEFT_RETURN      0(  0)
State  0( 0), entry  94(148): OTP_GOTO_NE         66(102,`f')
State  0( 0), entry  95(149):                     9b(155)
State  0( 0), entry  96(150): OTP_GOTO_NO_ADVANCE 9b(155)
State  0( 0), entry  97(151): OTP_GOTO_NE         13a(314)
State  0( 0), entry  98(152):                     9b(155)
State  0( 0), entry  99(153): OTP_RIGHT_NUM       22d(557)
State  0( 0), entry  9a(154): OTP_STOP             0(  0)
State  0( 0), entry  9b(155): OTP_LEFT_RETURN      0(  0)
State  0( 0), entry  9c(156): OTP_GOTO_NE         66(102,`f')
State  0( 0), entry  9d(157):                     a3(163)
State  0( 0), entry  9e(158): OTP_GOTO_NO_ADVANCE a3(163)
State  0( 0), entry  9f(159): OTP_GOTO_NE         13c(316)
State  0( 0), entry  a0(160):                     a3(163)
State  0( 0), entry  a1(161): OTP_RIGHT_NUM       22f(559)
State  0( 0), entry  a2(162): OTP_STOP             0(  0)
State  0( 0), entry  a3(163): OTP_LEFT_RETURN      0(  0)
State  0( 0), entry  a4(164): OTP_GOTO_NE         66(102,`f')
State  0( 0), entry  a5(165):                     ab(171)
State  0( 0), entry  a6(166): OTP_GOTO_NO_ADVANCE ab(171)
State  0( 0), entry  a7(167): OTP_GOTO_NE         13e(318)
State  0( 0), entry  a8(168):                     ab(171)
State  0( 0), entry  a9(169): OTP_RIGHT_NUM       231(561)
State  0( 0), entry  aa(170): OTP_STOP             0(  0)
State  0( 0), entry  ab(171): OTP_LEFT_RETURN      0(  0)
State  0( 0), entry  ac(172): OTP_GOTO_NE         66(102,`f')
State  0( 0), entry  ad(173):                     b3(179)
State  0( 0), entry  ae(174): OTP_GOTO_NO_ADVANCE b3(179)
State  0( 0), entry  af(175): OTP_GOTO_NE         140(320)
State  0( 0), entry  b0(176):                     b3(179)
State  0( 0), entry  b1(177): OTP_RIGHT_NUM       233(563)
State  0( 0), entry  b2(178): OTP_STOP             0(  0)
State  0( 0), entry  b3(179): OTP_LEFT_RETURN      0(  0)
State  0( 0), entry  b4(180): OTP_GOTO_NE         17f(383)
State  0( 0), entry  b5(181):                     be(190)
State  0( 0), entry  b6(182): OTP_GOTO_NO_ADVANCE be(190)
State  0( 0), entry  b7(183): OTP_GOTO_NE         17f(383)
State  0( 0), entry  b8(184):                     be(190)
State  0( 0), entry  b9(185): OTP_GOTO_NO_ADVANCE be(190)
State  0( 0), entry  ba(186): OTP_GOTO_NE         69(105,`i')
State  0( 0), entry  bb(187):                     be(190)
State  0( 0), entry  bc(188): OTP_RIGHT_NUM       238(568)
State  0( 0), entry  bd(189): OTP_STOP             0(  0)
State  0( 0), entry  be(190): OTP_LEFT_RETURN      0(  0)
State  0( 0), entry  bf(191): OTP_GOTO_NE         17f(383)
State  0( 0), entry  c0(192):                     c9(201)
State  0( 0), entry  c1(193): OTP_GOTO_NO_ADVANCE c9(201)
State  0( 0), entry  c2(194): OTP_GOTO_NE         17f(383)
State  0( 0), entry  c3(195):                     c9(201)
State  0( 0), entry  c4(196): OTP_GOTO_NO_ADVANCE c9(201)
State  0( 0), entry  c5(197): OTP_GOTO_NE         6c(108,`l')
State  0( 0), entry  c6(198):                     c9(201)
State  0( 0), entry  c7(199): OTP_RIGHT_NUM       239(569)
State  0( 0), entry  c8(200): OTP_STOP             0(  0)
State  0( 0), entry  c9(201): OTP_LEFT_RETURN      0(  0)
State  0( 0), entry  ca(202): OTP_GOTO_NE         17f(383)
State  0( 0), entry  cb(203):                     d1(209)
State  0( 0), entry  cc(204): OTP_GOTO_NO_ADVANCE d1(209)
State  0( 0), entry  cd(205): OTP_GOTO_NE         17f(383)
State  0( 0), entry  ce(206):                     d1(209)
State  0( 0), entry  cf(207): OTP_RIGHT_NUM       235(565)
State  0( 0), entry  d0(208): OTP_STOP             0(  0)
State  0( 0), entry  d1(209): OTP_LEFT_RETURN      0(  0)
State  0( 0), entry  d2(210): OTP_GOTO_NE         17f(383)
State  0( 0), entry  d3(211):                     d9(217)
State  0( 0), entry  d4(212): OTP_GOTO_NO_ADVANCE d9(217)
State  0( 0), entry  d5(213): OTP_GOTO_NE         69(105,`i')
State  0( 0), entry  d6(214):                     d9(217)
State  0( 0), entry  d7(215): OTP_RIGHT_NUM       236(566)
State  0( 0), entry  d8(216): OTP_STOP             0(  0)
State  0( 0), entry  d9(217): OTP_LEFT_RETURN      0(  0)
State  0( 0), entry  da(218): OTP_GOTO_NE         17f(383)
State  0( 0), entry  db(219):                     e1(225)
State  0( 0), entry  dc(220): OTP_GOTO_NO_ADVANCE e1(225)
State  0( 0), entry  dd(221): OTP_GOTO_NE         6c(108,`l')
State  0( 0), entry  de(222):                     e1(225)
State  0( 0), entry  df(223): OTP_RIGHT_NUM       237(567)
State  0( 0), entry  e0(224): OTP_STOP             0(  0)
State  0( 0), entry  e1(225): OTP_LEFT_RETURN      0(  0)
State  0( 0), entry  e2(226): OTP_GOTO_NE         c4e(3150)
State  0( 0), entry  e3(227):                     e5(229)
State  0( 0), entry  e4(228): OTP_GOTO            e7(231)
State  0( 0), entry  e5(229): OTP_GOTO_NE         c4c(3148)
State  0( 0), entry  e6(230):                     f4(244)
State  0( 0), entry  e7(231): OTP_GOTO_NO_ADVANCE f4(244)
State  0( 0), entry  e8(232): OTP_GOTO_NE         c45(3141)
State  0( 0), entry  e9(233):                     eb(235)
State  0( 0), entry  ea(234): OTP_GOTO            ed(237)
State  0( 0), entry  eb(235): OTP_GOTO_NE         c4f(3151)
State  0( 0), entry  ec(236):                     f4(244)
State  0( 0), entry  ed(237): OTP_GOTO_NO_ADVANCE f4(244)
State  0( 0), entry  ee(238): OTP_GOTO_NE         c4e(3150)
State  0( 0), entry  ef(239):                     f4(244)
State  0( 0), entry  f0(240): OTP_PUSH_CHAR        1(  1)
State  0( 0), entry  f1(241): OTP_RIGHT_OUTPUT     0(  0)
State  0( 0), entry  f2(242): OTP_RIGHT_NUM       c82(3202)
State  0( 0), entry  f3(243): OTP_STOP             0(  0)
State  0( 0), entry  f4(244): OTP_LEFT_RETURN      0(  0)
State  0( 0), entry  f5(245): OTP_GOTO_NE         c4e(3150)
State  0( 0), entry  f6(246):                     f8(248)
State  0( 0), entry  f7(247): OTP_GOTO            fa(250)
State  0( 0), entry  f8(248): OTP_GOTO_NE         c4c(3148)
State  0( 0), entry  f9(249):                     101(257)
State  0( 0), entry  fa(250): OTP_GOTO_NO_ADVANCE 101(257)
State  0( 0), entry  fb(251): OTP_GOTO_NE         c4e(3150)
State  0( 0), entry  fc(252):                     101(257)
State  0( 0), entry  fd(253): OTP_PUSH_CHAR        1(  1)
State  0( 0), entry  fe(254): OTP_RIGHT_OUTPUT     0(  0)
State  0( 0), entry  ff(255): OTP_RIGHT_NUM       c82(3202)
State  0( 0), entry 100(256): OTP_STOP             0(  0)
State  0( 0), entry 101(257): OTP_LEFT_RETURN      0(  0)
State  0( 0), entry 102(258): OTP_GOTO_NE         c4e(3150)
State  0( 0), entry 103(259):                     105(261)
State  0( 0), entry 104(260): OTP_GOTO            107(263)
State  0( 0), entry 105(261): OTP_GOTO_NE         c4c(3148)
State  0( 0), entry 106(262):                     114(276)
State  0( 0), entry 107(263): OTP_GOTO_NO_ADVANCE 114(276)
State  0( 0), entry 108(264): OTP_GOTO_NE         c45(3141)
State  0( 0), entry 109(265):                     10b(267)
State  0( 0), entry 10a(266): OTP_GOTO            10d(269)
State  0( 0), entry 10b(267): OTP_GOTO_NE         c4f(3151)
State  0( 0), entry 10c(268):                     114(276)
State  0( 0), entry 10d(269): OTP_GOTO_NO_ADVANCE 114(276)
State  0( 0), entry 10e(270): OTP_GOTO_NE         c4c(3148)
State  0( 0), entry 10f(271):                     114(276)
State  0( 0), entry 110(272): OTP_PUSH_CHAR        1(  1)
State  0( 0), entry 111(273): OTP_RIGHT_OUTPUT     0(  0)
State  0( 0), entry 112(274): OTP_RIGHT_NUM       c81(3201)
State  0( 0), entry 113(275): OTP_STOP             0(  0)
State  0( 0), entry 114(276): OTP_LEFT_RETURN      0(  0)
State  0( 0), entry 115(277): OTP_GOTO_NE         c4e(3150)
State  0( 0), entry 116(278):                     118(280)
State  0( 0), entry 117(279): OTP_GOTO            11a(282)
State  0( 0), entry 118(280): OTP_GOTO_NE         c4c(3148)
State  0( 0), entry 119(281):                     121(289)
State  0( 0), entry 11a(282): OTP_GOTO_NO_ADVANCE 121(289)
State  0( 0), entry 11b(283): OTP_GOTO_NE         c4c(3148)
State  0( 0), entry 11c(284):                     121(289)
State  0( 0), entry 11d(285): OTP_PUSH_CHAR        1(  1)
State  0( 0), entry 11e(286): OTP_RIGHT_OUTPUT     0(  0)
State  0( 0), entry 11f(287): OTP_RIGHT_NUM       c81(3201)
State  0( 0), entry 120(288): OTP_STOP             0(  0)
State  0( 0), entry 121(289): OTP_LEFT_RETURN      0(  0)
State  0( 0), entry 122(290): OTP_GOTO_NE         c4e(3150)
State  0( 0), entry 123(291):                     12f(303)
State  0( 0), entry 124(292): OTP_GOTO_NO_ADVANCE 12f(303)
State  0( 0), entry 125(293): OTP_GOTO_NE         c45(3141)
State  0( 0), entry 126(294):                     128(296)
State  0( 0), entry 127(295): OTP_GOTO            12a(298)
State  0( 0), entry 128(296): OTP_GOTO_NE         c4f(3151)
State  0( 0), entry 129(297):                     12f(303)
State  0( 0), entry 12a(298): OTP_GOTO_NO_ADVANCE 12f(303)
State  0( 0), entry 12b(299): OTP_GOTO_NE         c47(3143)
State  0( 0), entry 12c(300):                     12f(303)
State  0( 0), entry 12d(301): OTP_RIGHT_NUM       c80(3200)
State  0( 0), entry 12e(302): OTP_STOP             0(  0)
State  0( 0), entry 12f(303): OTP_LEFT_RETURN      0(  0)
State  0( 0), entry 130(304): OTP_GOTO_NE         c4e(3150)
State  0( 0), entry 131(305):                     137(311)
State  0( 0), entry 132(306): OTP_GOTO_NO_ADVANCE 137(311)
State  0( 0), entry 133(307): OTP_GOTO_NE         c47(3143)
State  0( 0), entry 134(308):                     137(311)
State  0( 0), entry 135(309): OTP_RIGHT_NUM       c80(3200)
State  0( 0), entry 136(310): OTP_STOP             0(  0)
State  0( 0), entry 137(311): OTP_LEFT_RETURN      0(  0)
State  0( 0), entry 138(312): OTP_GOTO_NE         c42(3138)
State  0( 0), entry 139(313):                     145(325)
State  0( 0), entry 13a(314): OTP_GOTO_NO_ADVANCE 145(325)
State  0( 0), entry 13b(315): OTP_GOTO_NE         c45(3141)
State  0( 0), entry 13c(316):                     13e(318)
State  0( 0), entry 13d(317): OTP_GOTO            140(320)
State  0( 0), entry 13e(318): OTP_GOTO_NE         c4f(3151)
State  0( 0), entry 13f(319):                     145(325)
State  0( 0), entry 140(320): OTP_GOTO_NO_ADVANCE 145(325)
State  0( 0), entry 141(321): OTP_GOTO_NE         c54(3156)
State  0( 0), entry 142(322):                     145(325)
State  0( 0), entry 143(323): OTP_RIGHT_NUM       c83(3203)
State  0( 0), entry 144(324): OTP_STOP             0(  0)
State  0( 0), entry 145(325): OTP_LEFT_RETURN      0(  0)
State  0( 0), entry 146(326): OTP_GOTO_NE         c42(3138)
State  0( 0), entry 147(327):                     14d(333)
State  0( 0), entry 148(328): OTP_GOTO_NO_ADVANCE 14d(333)
State  0( 0), entry 149(329): OTP_GOTO_NE         c54(3156)
State  0( 0), entry 14a(330):                     14d(333)
State  0( 0), entry 14b(331): OTP_RIGHT_NUM       c83(3203)
State  0( 0), entry 14c(332): OTP_STOP             0(  0)
State  0( 0), entry 14d(333): OTP_LEFT_RETURN      0(  0)
State  0( 0), entry 14e(334): OTP_GOTO_NE         c43(3139)
State  0( 0), entry 14f(335):                     15b(347)
State  0( 0), entry 150(336): OTP_GOTO_NO_ADVANCE 15b(347)
State  0( 0), entry 151(337): OTP_GOTO_NE         c45(3141)
State  0( 0), entry 152(338):                     154(340)
State  0( 0), entry 153(339): OTP_GOTO            156(342)
State  0( 0), entry 154(340): OTP_GOTO_NE         c4f(3151)
State  0( 0), entry 155(341):                     15b(347)
State  0( 0), entry 156(342): OTP_GOTO_NO_ADVANCE 15b(347)
State  0( 0), entry 157(343): OTP_GOTO_NE         c54(3156)
State  0( 0), entry 158(344):                     15b(347)
State  0( 0), entry 159(345): OTP_RIGHT_NUM       c84(3204)
State  0( 0), entry 15a(346): OTP_STOP             0(  0)
State  0( 0), entry 15b(347): OTP_LEFT_RETURN      0(  0)
State  0( 0), entry 15c(348): OTP_GOTO_NE         c43(3139)
State  0( 0), entry 15d(349):                     163(355)
State  0( 0), entry 15e(350): OTP_GOTO_NO_ADVANCE 163(355)
State  0( 0), entry 15f(351): OTP_GOTO_NE         c54(3156)
State  0( 0), entry 160(352):                     163(355)
State  0( 0), entry 161(353): OTP_RIGHT_NUM       c84(3204)
State  0( 0), entry 162(354): OTP_STOP             0(  0)
State  0( 0), entry 163(355): OTP_LEFT_RETURN      0(  0)
State  0( 0), entry 164(356): OTP_GOTO_NE         c47(3143)
State  0( 0), entry 165(357):                     171(369)
State  0( 0), entry 166(358): OTP_GOTO_NO_ADVANCE 171(369)
State  0( 0), entry 167(359): OTP_GOTO_NE         c45(3141)
State  0( 0), entry 168(360):                     16a(362)
State  0( 0), entry 169(361): OTP_GOTO            16c(364)
State  0( 0), entry 16a(362): OTP_GOTO_NE         c4f(3151)
State  0( 0), entry 16b(363):                     171(369)
State  0( 0), entry 16c(364): OTP_GOTO_NO_ADVANCE 171(369)
State  0( 0), entry 16d(365): OTP_GOTO_NE         c54(3156)
State  0( 0), entry 16e(366):                     171(369)
State  0( 0), entry 16f(367): OTP_RIGHT_NUM       c86(3206)
State  0( 0), entry 170(368): OTP_STOP             0(  0)
State  0( 0), entry 171(369): OTP_LEFT_RETURN      0(  0)
State  0( 0), entry 172(370): OTP_GOTO_NE         c47(3143)
State  0( 0), entry 173(371):                     179(377)
State  0( 0), entry 174(372): OTP_GOTO_NO_ADVANCE 179(377)
State  0( 0), entry 175(373): OTP_GOTO_NE         c54(3156)
State  0( 0), entry 176(374):                     179(377)
State  0( 0), entry 177(375): OTP_RIGHT_NUM       c86(3206)
State  0( 0), entry 178(376): OTP_STOP             0(  0)
State  0( 0), entry 179(377): OTP_LEFT_RETURN      0(  0)
State  0( 0), entry 17a(378): OTP_GOTO_NE         c4d(3149)
State  0( 0), entry 17b(379):                     187(391)
State  0( 0), entry 17c(380): OTP_GOTO_NO_ADVANCE 187(391)
State  0( 0), entry 17d(381): OTP_GOTO_NE         c45(3141)
State  0( 0), entry 17e(382):                     180(384)
State  0( 0), entry 17f(383): OTP_GOTO            182(386)
State  0( 0), entry 180(384): OTP_GOTO_NE         c4f(3151)
State  0( 0), entry 181(385):                     187(391)
State  0( 0), entry 182(386): OTP_GOTO_NO_ADVANCE 187(391)
State  0( 0), entry 183(387): OTP_GOTO_NE         c54(3156)
State  0( 0), entry 184(388):                     187(391)
State  0( 0), entry 185(389): OTP_RIGHT_NUM       c87(3207)
State  0( 0), entry 186(390): OTP_STOP             0(  0)
State  0( 0), entry 187(391): OTP_LEFT_RETURN      0(  0)
State  0( 0), entry 188(392): OTP_GOTO_NE         c4d(3149)
State  0( 0), entry 189(393):                     18f(399)
State  0( 0), entry 18a(394): OTP_GOTO_NO_ADVANCE 18f(399)
State  0( 0), entry 18b(395): OTP_GOTO_NE         c54(3156)
State  0( 0), entry 18c(396):                     18f(399)
State  0( 0), entry 18d(397): OTP_RIGHT_NUM       c87(3207)
State  0( 0), entry 18e(398): OTP_STOP             0(  0)
State  0( 0), entry 18f(399): OTP_LEFT_RETURN      0(  0)
State  0( 0), entry 190(400): OTP_GOTO_NE         c52(3154)
State  0( 0), entry 191(401):                     19d(413)
State  0( 0), entry 192(402): OTP_GOTO_NO_ADVANCE 19d(413)
State  0( 0), entry 193(403): OTP_GOTO_NE         c45(3141)
State  0( 0), entry 194(404):                     196(406)
State  0( 0), entry 195(405): OTP_GOTO            198(408)
State  0( 0), entry 196(406): OTP_GOTO_NE         c4f(3151)
State  0( 0), entry 197(407):                     19d(413)
State  0( 0), entry 198(408): OTP_GOTO_NO_ADVANCE 19d(413)
State  0( 0), entry 199(409): OTP_GOTO_NE         c54(3156)
State  0( 0), entry 19a(410):                     19d(413)
State  0( 0), entry 19b(411): OTP_RIGHT_NUM       c88(3208)
State  0( 0), entry 19c(412): OTP_STOP             0(  0)
State  0( 0), entry 19d(413): OTP_LEFT_RETURN      0(  0)
State  0( 0), entry 19e(414): OTP_GOTO_NE         c52(3154)
State  0( 0), entry 19f(415):                     1a5(421)
State  0( 0), entry 1a0(416): OTP_GOTO_NO_ADVANCE 1a5(421)
State  0( 0), entry 1a1(417): OTP_GOTO_NE         c54(3156)
State  0( 0), entry 1a2(418):                     1a5(421)
State  0( 0), entry 1a3(419): OTP_RIGHT_NUM       c88(3208)
State  0( 0), entry 1a4(420): OTP_STOP             0(  0)
State  0( 0), entry 1a5(421): OTP_LEFT_RETURN      0(  0)
State  0( 0), entry 1a6(422): OTP_GOTO_NE         c53(3155)
State  0( 0), entry 1a7(423):                     1b3(435)
State  0( 0), entry 1a8(424): OTP_GOTO_NO_ADVANCE 1b3(435)
State  0( 0), entry 1a9(425): OTP_GOTO_NE         c45(3141)
State  0( 0), entry 1aa(426):                     1ac(428)
State  0( 0), entry 1ab(427): OTP_GOTO            1ae(430)
State  0( 0), entry 1ac(428): OTP_GOTO_NE         c4f(3151)
State  0( 0), entry 1ad(429):                     1b3(435)
State  0( 0), entry 1ae(430): OTP_GOTO_NO_ADVANCE 1b3(435)
State  0( 0), entry 1af(431): OTP_GOTO_NE         c54(3156)
State  0( 0), entry 1b0(432):                     1b3(435)
State  0( 0), entry 1b1(433): OTP_RIGHT_NUM       c89(3209)
State  0( 0), entry 1b2(434): OTP_STOP             0(  0)
State  0( 0), entry 1b3(435): OTP_LEFT_RETURN      0(  0)
State  0( 0), entry 1b4(436): OTP_GOTO_NE         c53(3155)
State  0( 0), entry 1b5(437):                     1bb(443)
State  0( 0), entry 1b6(438): OTP_GOTO_NO_ADVANCE 1bb(443)
State  0( 0), entry 1b7(439): OTP_GOTO_NE         c54(3156)
State  0( 0), entry 1b8(440):                     1bb(443)
State  0( 0), entry 1b9(441): OTP_RIGHT_NUM       c89(3209)
State  0( 0), entry 1ba(442): OTP_STOP             0(  0)
State  0( 0), entry 1bb(443): OTP_LEFT_RETURN      0(  0)
State  0( 0), entry 1bc(444): OTP_GOTO_NE         c7a(3194)
State  0( 0), entry 1bd(445):                     1c9(457)
State  0( 0), entry 1be(446): OTP_GOTO_NO_ADVANCE 1c9(457)
State  0( 0), entry 1bf(447): OTP_GOTO_NE         c45(3141)
State  0( 0), entry 1c0(448):                     1c2(450)
State  0( 0), entry 1c1(449): OTP_GOTO            1c4(452)
State  0( 0), entry 1c2(450): OTP_GOTO_NE         c4f(3151)
State  0( 0), entry 1c3(451):                     1c9(457)
State  0( 0), entry 1c4(452): OTP_GOTO_NO_ADVANCE 1c9(457)
State  0( 0), entry 1c5(453): OTP_GOTO_NE         c54(3156)
State  0( 0), entry 1c6(454):                     1c9(457)
State  0( 0), entry 1c7(455): OTP_RIGHT_NUM       c8a(3210)
State  0( 0), entry 1c8(456): OTP_STOP             0(  0)
State  0( 0), entry 1c9(457): OTP_LEFT_RETURN      0(  0)
State  0( 0), entry 1ca(458): OTP_GOTO_NE         c7a(3194)
State  0( 0), entry 1cb(459):                     1d1(465)
State  0( 0), entry 1cc(460): OTP_GOTO_NO_ADVANCE 1d1(465)
State  0( 0), entry 1cd(461): OTP_GOTO_NE         c54(3156)
State  0( 0), entry 1ce(462):                     1d1(465)
State  0( 0), entry 1cf(463): OTP_RIGHT_NUM       c8a(3210)
State  0( 0), entry 1d0(464): OTP_STOP             0(  0)
State  0( 0), entry 1d1(465): OTP_LEFT_RETURN      0(  0)
State  0( 0), entry 1d2(466): OTP_GOTO_LT         2010(8208)
State  0( 0), entry 1d3(467):                     1db(475)
State  0( 0), entry 1d4(468): OTP_GOTO_GT         2046(8262)
State  0( 0), entry 1d5(469):                     1db(475)
State  0( 0), entry 1d6(470): OTP_PUSH_CHAR        1(  1)
State  0( 0), entry 1d7(471): OTP_PUSH_NUM        1000(4096)
State  0( 0), entry 1d8(472): OTP_SUB              0(  0)
State  0( 0), entry 1d9(473): OTP_RIGHT_OUTPUT     0(  0)
State  0( 0), entry 1da(474): OTP_STOP             0(  0)
State  0( 0), entry 1db(475): OTP_LEFT_RETURN      0(  0)
State  0( 0), entry 1dc(476): OTP_GOTO_LT         1e00(7680)
State  0( 0), entry 1dd(477):                     1e5(485)
State  0( 0), entry 1de(478): OTP_GOTO_GT         1eff(7935)
State  0( 0), entry 1df(479):                     1e5(485)
State  0( 0), entry 1e0(480): OTP_PUSH_CHAR        1(  1)
State  0( 0), entry 1e1(481): OTP_PUSH_NUM        1800(6144)
State  0( 0), entry 1e2(482): OTP_SUB              0(  0)
State  0( 0), entry 1e3(483): OTP_RIGHT_OUTPUT     0(  0)
State  0( 0), entry 1e4(484): OTP_STOP             0(  0)
State  0( 0), entry 1e5(485): OTP_LEFT_RETURN      0(  0)
State  0( 0), entry 1e6(486): OTP_GOTO_NE         f023(61475)
State  0( 0), entry 1e7(487):                     1ea(490)
State  0( 0), entry 1e8(488): OTP_RIGHT_NUM       83(131)
State  0( 0), entry 1e9(489): OTP_STOP             0(  0)
State  0( 0), entry 1ea(490): OTP_LEFT_RETURN      0(  0)
State  0( 0), entry 1eb(491): OTP_GOTO_NE         f024(61476)
State  0( 0), entry 1ec(492):                     1ef(495)
State  0( 0), entry 1ed(493): OTP_RIGHT_NUM       84(132)
State  0( 0), entry 1ee(494): OTP_STOP             0(  0)
State  0( 0), entry 1ef(495): OTP_LEFT_RETURN      0(  0)
State  0( 0), entry 1f0(496): OTP_GOTO_NE         f025(61477)
State  0( 0), entry 1f1(497):                     1f4(500)
State  0( 0), entry 1f2(498): OTP_RIGHT_NUM       85(133)
State  0( 0), entry 1f3(499): OTP_STOP             0(  0)
State  0( 0), entry 1f4(500): OTP_LEFT_RETURN      0(  0)
State  0( 0), entry 1f5(501): OTP_GOTO_NE         f026(61478)
State  0( 0), entry 1f6(502):                     1f9(505)
State  0( 0), entry 1f7(503): OTP_RIGHT_NUM       86(134)
State  0( 0), entry 1f8(504): OTP_STOP             0(  0)
State  0( 0), entry 1f9(505): OTP_LEFT_RETURN      0(  0)
State  0( 0), entry 1fa(506): OTP_GOTO_NE         f07b(61563)
State  0( 0), entry 1fb(507):                     1fe(510)
State  0( 0), entry 1fc(508): OTP_RIGHT_NUM       8b(139)
State  0( 0), entry 1fd(509): OTP_STOP             0(  0)
State  0( 0), entry 1fe(510): OTP_LEFT_RETURN      0(  0)
State  0( 0), entry 1ff(511): OTP_GOTO_NE         f05c(61532)
State  0( 0), entry 200(512):                     203(515)
State  0( 0), entry 201(513): OTP_RIGHT_NUM       8c(140)
State  0( 0), entry 202(514): OTP_STOP             0(  0)
State  0( 0), entry 203(515): OTP_LEFT_RETURN      0(  0)
State  0( 0), entry 204(516): OTP_GOTO_NE         f07d(61565)
State  0( 0), entry 205(517):                     208(520)
State  0( 0), entry 206(518): OTP_RIGHT_NUM       8d(141)
State  0( 0), entry 207(519): OTP_STOP             0(  0)
State  0( 0), entry 208(520): OTP_LEFT_RETURN      0(  0)
State  0( 0), entry 209(521): OTP_GOTO_NE         f05e(61534)
State  0( 0), entry 20a(522):                     20d(525)
State  0( 0), entry 20b(523): OTP_RIGHT_NUM       8e(142)
State  0( 0), entry 20c(524): OTP_STOP             0(  0)
State  0( 0), entry 20d(525): OTP_LEFT_RETURN      0(  0)
State  0( 0), entry 20e(526): OTP_GOTO_NE         f05f(61535)
State  0( 0), entry 20f(527):                     212(530)
State  0( 0), entry 210(528): OTP_RIGHT_NUM       8f(143)
State  0( 0), entry 211(529): OTP_STOP             0(  0)
State  0( 0), entry 212(530): OTP_LEFT_RETURN      0(  0)
State  0( 0), entry 213(531): OTP_GOTO_NE         f07e(61566)
State  0( 0), entry 214(532):                     217(535)
State  0( 0), entry 215(533): OTP_RIGHT_NUM       80(128)
State  0( 0), entry 216(534): OTP_STOP             0(  0)
State  0( 0), entry 217(535): OTP_LEFT_RETURN      0(  0)
State  0( 0), entry 218(536): OTP_GOTO_LT         f000(61440)
State  0( 0), entry 219(537):                     228(552)
State  0( 0), entry 21a(538): OTP_GOTO_GT         f07f(61567)
State  0( 0), entry 21b(539):                     228(552)
State  0( 0), entry 21c(540): OTP_RIGHT_NUM       5c( 92,`\')
State  0( 0), entry 21d(541): OTP_RIGHT_NUM       73(115,`s')
State  0( 0), entry 21e(542): OTP_RIGHT_NUM       74(116,`t')
State  0( 0), entry 21f(543): OTP_RIGHT_NUM       72(114,`r')
State  0( 0), entry 220(544): OTP_RIGHT_NUM       69(105,`i')
State  0( 0), entry 221(545): OTP_RIGHT_NUM       6e(110,`n')
State  0( 0), entry 222(546): OTP_RIGHT_NUM       67(103,`g')
State  0( 0), entry 223(547): OTP_PUSH_CHAR        1(  1)
State  0( 0), entry 224(548): OTP_PUSH_NUM        f000(61440)
State  0( 0), entry 225(549): OTP_SUB              0(  0)
State  0( 0), entry 226(550): OTP_RIGHT_OUTPUT     0(  0)
State  0( 0), entry 227(551): OTP_STOP             0(  0)
State  0( 0), entry 228(552): OTP_LEFT_RETURN      0(  0)
State  0( 0), entry 229(553): OTP_RIGHT_CHAR       1(  1)
State  0( 0), entry 22a(554): OTP_STOP             0(  0)
State  0( 0), entry 22b(555): OTP_LEFT_RETURN      0(  0)
State  0( 0), entry 22c(556): OTP_RIGHT_CHAR       1(  1)
State  0( 0), entry 22d(557): OTP_STOP             0(  0)

file length should be: 236(566)
number words read    : 236(566)
