This is e-TeX, Version 3.141592653-2.6 (TeX Live 2023) (INITEX)  22 JAN 2023 11:25
entering extended mode
***etrip
(./etrip.tex
This is the e-Trip test [2021-01-28] for e-TeX v3.141592653-2.6.
(You are using e-TeX version/revision 2.6)
e-IniTeX: Assigning category codes, tracing switches, other codes,
definitions for e-VirTeX e-Trip test run, constants and registers,
fonts, some math characters, some math parameters, hyphenation,

Underfull \hbox (badness 10000) in paragraph at lines 99--99
[] \trip pp1aqq up1aqq ppb1qq upb1qq pp1r1qq up1r1qq qqb1pp

\hbox(8.0+2.0)x16383.99998, glue set 1166.92857 []

! Not a letter.
l.100 ...guage=4 \hyphenation{-q
                                -}}
Letters in \hyphenation words must have \lccode>0.
Proceed; I'll ignore the character I just read.


enable e-TeX enhancements (TeXXeT),
prepare saved items (not to be dumped), everyjob ...dumped. )
Beginning to dump on file etrip.fmt
 (preloaded format=etrip 2023.1.22)
1492 strings of total length 26298
282 memory locations dumped; current usage is 36&168
408 multiletter control sequences
\font\nullfont=nullfont
\font\trip=etrip
\font\smalltrip=etrip at 5.0pt
\font\bigtrip=etrip at 20.0pt
2279 words of font info for 3 preloaded fonts
2 hyphenation exceptions
Hyphenation trie of length 434 has 12 ops out of 35111
  3 for language 3
  3 for language 2
  3 for language 1
  3 for language 0
No pages of output.
