This file contains any messages produced by compilers while
running configure, to aid debugging if configure makes a mistake.

It was created by dvipdfm-x (TeX Live) configure 20140317, which was
generated by GNU Autoconf 2.69.  Invocation command line was

  $ ./configure 

## --------- ##
## Platform. ##
## --------- ##

hostname = Machine
uname -m = x86_64
uname -r = 3.13.0-30-generic
uname -s = Linux
uname -v = #55-Ubuntu SMP Fri Jul 4 21:40:53 UTC 2014

/usr/bin/uname -p = unknown
/bin/uname -X     = unknown

/bin/arch              = unknown
/usr/bin/arch -k       = unknown
/usr/convex/getsysinfo = unknown
/usr/bin/hostinfo      = unknown
/bin/machine           = unknown
/usr/bin/oslevel       = unknown
/bin/universe          = unknown

PATH: /home/clerk/bin
PATH: /usr/local/sbin
PATH: /usr/local/bin
PATH: /usr/sbin
PATH: /usr/bin
PATH: /sbin
PATH: /bin
PATH: /usr/games
PATH: /usr/local/games
PATH: /home/clerk/bin/FDK/Tools/linux


## ----------- ##
## Core tests. ##
## ----------- ##

configure:2781: checking for a BSD-compatible install
configure:2849: result: /usr/bin/install -c
configure:2860: checking whether build environment is sane
configure:2915: result: yes
configure:3066: checking for a thread-safe mkdir -p
configure:3105: result: /bin/mkdir -p
configure:3112: checking for gawk
configure:3142: result: no
configure:3112: checking for mawk
configure:3128: found /usr/bin/mawk
configure:3139: result: mawk
configure:3150: checking whether make sets $(MAKE)
configure:3172: result: yes
configure:3201: checking whether make supports nested variables
configure:3218: result: yes
configure:3241: checking for style of include used by make
configure:3269: result: GNU
configure:3340: checking for gcc
configure:3356: found /usr/bin/gcc
configure:3367: result: gcc
configure:3596: checking for C compiler version
configure:3605: gcc --version >&5
gcc (Ubuntu 4.8.2-19ubuntu1) 4.8.2
Copyright (C) 2013 Free Software Foundation, Inc.
This is free software; see the source for copying conditions.  There is NO
warranty; not even for MERCHANTABILITY or FITNESS FOR A PARTICULAR PURPOSE.

configure:3616: $? = 0
configure:3605: gcc -v >&5
Using built-in specs.
COLLECT_GCC=gcc
COLLECT_LTO_WRAPPER=/usr/lib/gcc/x86_64-linux-gnu/4.8/lto-wrapper
Target: x86_64-linux-gnu
Configured with: ../src/configure -v --with-pkgversion='Ubuntu 4.8.2-19ubuntu1' --with-bugurl=file:///usr/share/doc/gcc-4.8/README.Bugs --enable-languages=c,c++,java,go,d,fortran,objc,obj-c++ --prefix=/usr --program-suffix=-4.8 --enable-shared --enable-linker-build-id --libexecdir=/usr/lib --without-included-gettext --enable-threads=posix --with-gxx-include-dir=/usr/include/c++/4.8 --libdir=/usr/lib --enable-nls --with-sysroot=/ --enable-clocale=gnu --enable-libstdcxx-debug --enable-libstdcxx-time=yes --enable-gnu-unique-object --disable-libmudflap --enable-plugin --with-system-zlib --disable-browser-plugin --enable-java-awt=gtk --enable-gtk-cairo --with-java-home=/usr/lib/jvm/java-1.5.0-gcj-4.8-amd64/jre --enable-java-home --with-jvm-root-dir=/usr/lib/jvm/java-1.5.0-gcj-4.8-amd64 --with-jvm-jar-dir=/usr/lib/jvm-exports/java-1.5.0-gcj-4.8-amd64 --with-arch-directory=amd64 --with-ecj-jar=/usr/share/java/eclipse-ecj.jar --enable-objc-gc --enable-multiarch --disable-werror --with-arch-32=i686 --with-abi=m64 --with-multilib-list=m32,m64,mx32 --with-tune=generic --enable-checking=release --build=x86_64-linux-gnu --host=x86_64-linux-gnu --target=x86_64-linux-gnu
Thread model: posix
gcc version 4.8.2 (Ubuntu 4.8.2-19ubuntu1) 
configure:3616: $? = 0
configure:3605: gcc -V >&5
gcc: error: unrecognized command line option '-V'
gcc: fatal error: no input files
compilation terminated.
configure:3616: $? = 4
configure:3605: gcc -qversion >&5
gcc: error: unrecognized command line option '-qversion'
gcc: fatal error: no input files
compilation terminated.
configure:3616: $? = 4
configure:3636: checking whether the C compiler works
configure:3658: gcc    conftest.c  >&5
configure:3662: $? = 0
configure:3710: result: yes
configure:3713: checking for C compiler default output file name
configure:3715: result: a.out
configure:3721: checking for suffix of executables
configure:3728: gcc -o conftest    conftest.c  >&5
configure:3732: $? = 0
configure:3754: result: 
configure:3776: checking whether we are cross compiling
configure:3784: gcc -o conftest    conftest.c  >&5
configure:3788: $? = 0
configure:3795: ./conftest
configure:3799: $? = 0
configure:3814: result: no
configure:3819: checking for suffix of object files
configure:3841: gcc -c   conftest.c >&5
configure:3845: $? = 0
configure:3866: result: o
configure:3870: checking whether we are using the GNU C compiler
configure:3889: gcc -c   conftest.c >&5
configure:3889: $? = 0
configure:3898: result: yes
configure:3907: checking whether gcc accepts -g
configure:3927: gcc -c -g  conftest.c >&5
configure:3927: $? = 0
configure:3968: result: yes
configure:3985: checking for gcc option to accept ISO C89
configure:4048: gcc  -c -g -O2  conftest.c >&5
configure:4048: $? = 0
configure:4061: result: none needed
configure:4086: checking whether gcc understands -c and -o together
configure:4108: gcc -c conftest.c -o conftest2.o
configure:4111: $? = 0
configure:4108: gcc -c conftest.c -o conftest2.o
configure:4111: $? = 0
configure:4123: result: yes
configure:4142: checking dependency style of gcc
configure:4253: result: gcc3
configure:4313: checking build system type
configure:4327: result: x86_64-unknown-linux-gnu
configure:4347: checking host system type
configure:4360: result: x86_64-unknown-linux-gnu
configure:4401: checking how to print strings
configure:4428: result: printf
configure:4449: checking for a sed that does not truncate output
configure:4513: result: /bin/sed
configure:4531: checking for grep that handles long lines and -e
configure:4589: result: /bin/grep
configure:4594: checking for egrep
configure:4656: result: /bin/grep -E
configure:4661: checking for fgrep
configure:4723: result: /bin/grep -F
configure:4758: checking for ld used by gcc
configure:4825: result: /usr/bin/ld
configure:4832: checking if the linker (/usr/bin/ld) is GNU ld
configure:4847: result: yes
configure:4859: checking for BSD- or MS-compatible name lister (nm)
configure:4908: result: /usr/bin/nm -B
configure:5038: checking the name lister (/usr/bin/nm -B) interface
configure:5045: gcc -c -g -O2  conftest.c >&5
configure:5048: /usr/bin/nm -B "conftest.o"
configure:5051: output
0000000000000000 B some_variable
configure:5058: result: BSD nm
configure:5061: checking whether ln -s works
configure:5065: result: yes
configure:5073: checking the maximum length of command line arguments
configure:5203: result: 1572864
configure:5220: checking whether the shell understands some XSI constructs
configure:5230: result: yes
configure:5234: checking whether the shell understands "+="
configure:5240: result: yes
configure:5275: checking how to convert x86_64-unknown-linux-gnu file names to x86_64-unknown-linux-gnu format
configure:5315: result: func_convert_file_noop
configure:5322: checking how to convert x86_64-unknown-linux-gnu file names to toolchain format
configure:5342: result: func_convert_file_noop
configure:5349: checking for /usr/bin/ld option to reload object files
configure:5356: result: -r
configure:5430: checking for objdump
configure:5446: found /usr/bin/objdump
configure:5457: result: objdump
configure:5486: checking how to recognize dependent libraries
configure:5688: result: pass_all
configure:5773: checking for dlltool
configure:5803: result: no
configure:5830: checking how to associate runtime and link libraries
configure:5857: result: printf %s\n
configure:5917: checking for ar
configure:5933: found /usr/bin/ar
configure:5944: result: ar
configure:5981: checking for archiver @FILE support
configure:5998: gcc -c -g -O2  conftest.c >&5
configure:5998: $? = 0
configure:6001: ar cru libconftest.a @conftest.lst >&5
configure:6004: $? = 0
configure:6009: ar cru libconftest.a @conftest.lst >&5
ar: conftest.o: No such file or directory
configure:6012: $? = 1
configure:6024: result: @
configure:6082: checking for strip
configure:6098: found /usr/bin/strip
configure:6109: result: strip
configure:6181: checking for ranlib
configure:6197: found /usr/bin/ranlib
configure:6208: result: ranlib
configure:6310: checking command to parse /usr/bin/nm -B output from gcc object
configure:6430: gcc -c -g -O2  conftest.c >&5
configure:6433: $? = 0
configure:6437: /usr/bin/nm -B conftest.o \| sed -n -e 's/^.*[ ]\([ABCDGIRSTW][ABCDGIRSTW]*\)[ ][ ]*\([_A-Za-z][_A-Za-z0-9]*\)$/\1 \2 \2/p' | sed '/ __gnu_lto/d' \> conftest.nm
configure:6440: $? = 0
configure:6506: gcc -o conftest -g -O2   conftest.c conftstm.o >&5
configure:6509: $? = 0
configure:6547: result: ok
configure:6584: checking for sysroot
configure:6614: result: no
configure:6691: gcc -c -g -O2  conftest.c >&5
configure:6694: $? = 0
configure:6870: checking for mt
configure:6886: found /bin/mt
configure:6897: result: mt
configure:6920: checking if mt is a manifest tool
configure:6926: mt '-?'
configure:6934: result: no
configure:7576: checking how to run the C preprocessor
configure:7607: gcc -E  conftest.c
configure:7607: $? = 0
configure:7621: gcc -E  conftest.c
conftest.c:9:28: fatal error: ac_nonexistent.h: No such file or directory
 #include <ac_nonexistent.h>
                            ^
compilation terminated.
configure:7621: $? = 1
configure: failed program was:
| /* confdefs.h */
| #define PACKAGE_NAME "dvipdfm-x (TeX Live)"
| #define PACKAGE_TARNAME "dvipdfm-x--tex-live-"
| #define PACKAGE_VERSION "20140317"
| #define PACKAGE_STRING "dvipdfm-x (TeX Live) 20140317"
| #define PACKAGE_BUGREPORT "tex-k@tug.org"
| #define PACKAGE_URL ""
| /* end confdefs.h.  */
| #include <ac_nonexistent.h>
configure:7646: result: gcc -E
configure:7666: gcc -E  conftest.c
configure:7666: $? = 0
configure:7680: gcc -E  conftest.c
conftest.c:9:28: fatal error: ac_nonexistent.h: No such file or directory
 #include <ac_nonexistent.h>
                            ^
compilation terminated.
configure:7680: $? = 1
configure: failed program was:
| /* confdefs.h */
| #define PACKAGE_NAME "dvipdfm-x (TeX Live)"
| #define PACKAGE_TARNAME "dvipdfm-x--tex-live-"
| #define PACKAGE_VERSION "20140317"
| #define PACKAGE_STRING "dvipdfm-x (TeX Live) 20140317"
| #define PACKAGE_BUGREPORT "tex-k@tug.org"
| #define PACKAGE_URL ""
| /* end confdefs.h.  */
| #include <ac_nonexistent.h>
configure:7709: checking for ANSI C header files
configure:7729: gcc -c -g -O2  conftest.c >&5
configure:7729: $? = 0
configure:7802: gcc -o conftest -g -O2   conftest.c  >&5
configure:7802: $? = 0
configure:7802: ./conftest
configure:7802: $? = 0
configure:7813: result: yes
configure:7826: checking for sys/types.h
configure:7826: gcc -c -g -O2  conftest.c >&5
configure:7826: $? = 0
configure:7826: result: yes
configure:7826: checking for sys/stat.h
configure:7826: gcc -c -g -O2  conftest.c >&5
configure:7826: $? = 0
configure:7826: result: yes
configure:7826: checking for stdlib.h
configure:7826: gcc -c -g -O2  conftest.c >&5
configure:7826: $? = 0
configure:7826: result: yes
configure:7826: checking for string.h
configure:7826: gcc -c -g -O2  conftest.c >&5
configure:7826: $? = 0
configure:7826: result: yes
configure:7826: checking for memory.h
configure:7826: gcc -c -g -O2  conftest.c >&5
configure:7826: $? = 0
configure:7826: result: yes
configure:7826: checking for strings.h
configure:7826: gcc -c -g -O2  conftest.c >&5
configure:7826: $? = 0
configure:7826: result: yes
configure:7826: checking for inttypes.h
configure:7826: gcc -c -g -O2  conftest.c >&5
configure:7826: $? = 0
configure:7826: result: yes
configure:7826: checking for stdint.h
configure:7826: gcc -c -g -O2  conftest.c >&5
configure:7826: $? = 0
configure:7826: result: yes
configure:7826: checking for unistd.h
configure:7826: gcc -c -g -O2  conftest.c >&5
configure:7826: $? = 0
configure:7826: result: yes
configure:7840: checking for dlfcn.h
configure:7840: gcc -c -g -O2  conftest.c >&5
configure:7840: $? = 0
configure:7840: result: yes
configure:7967: checking whether to enable maintainer-specific portions of Makefiles
configure:7976: result: no
configure:7989: checking whether the compiler accepts prototypes
configure:8005: gcc -o conftest -g -O2   conftest.c  >&5
configure:8005: $? = 0
configure:8013: result: yes
configure:8018: checking what warning flags to pass to the C compiler
configure:8063: result: -Wimplicit -Wreturn-type -Wdeclaration-after-statement -Wno-unknown-pragmas
configure:8567: checking for objdir
configure:8582: result: .libs
configure:8853: checking if gcc supports -fno-rtti -fno-exceptions
configure:8871: gcc -c -g -O2  -fno-rtti -fno-exceptions conftest.c >&5
cc1: warning: command line option '-fno-rtti' is valid for C++/ObjC++ but not for C [enabled by default]
configure:8875: $? = 0
configure:8888: result: no
configure:9215: checking for gcc option to produce PIC
configure:9222: result: -fPIC -DPIC
configure:9230: checking if gcc PIC flag -fPIC -DPIC works
configure:9248: gcc -c -g -O2  -fPIC -DPIC -DPIC conftest.c >&5
configure:9252: $? = 0
configure:9265: result: yes
configure:9294: checking if gcc static flag -static works
configure:9322: result: yes
configure:9337: checking if gcc supports -c -o file.o
configure:9358: gcc -c -g -O2  -o out/conftest2.o conftest.c >&5
configure:9362: $? = 0
configure:9384: result: yes
configure:9392: checking if gcc supports -c -o file.o
configure:9439: result: yes
configure:9472: checking whether the gcc linker (/usr/bin/ld -m elf_x86_64) supports shared libraries
configure:10625: result: yes
configure:10662: checking whether -lc should be explicitly linked in
configure:10670: gcc -c -g -O2  conftest.c >&5
configure:10673: $? = 0
configure:10688: gcc -shared  -fPIC -DPIC conftest.o  -v -Wl,-soname -Wl,conftest -o conftest 2\>\&1 \| /bin/grep  -lc  \>/dev/null 2\>\&1
configure:10691: $? = 0
configure:10705: result: no
configure:10865: checking dynamic linker characteristics
configure:11376: gcc -o conftest -g -O2   -Wl,-rpath -Wl,/foo conftest.c  >&5
configure:11376: $? = 0
configure:11598: result: GNU/Linux ld.so
configure:11705: checking how to hardcode library paths into programs
configure:11730: result: immediate
configure:12270: checking whether stripping libraries is possible
configure:12275: result: yes
configure:12310: checking if libtool supports shared libraries
configure:12312: result: yes
configure:12315: checking whether to build shared libraries
configure:12336: result: yes
configure:12339: checking whether to build static libraries
configure:12343: result: yes
configure:12387: checking for special C compiler options needed for large files
configure:12432: result: no
configure:12438: checking for _FILE_OFFSET_BITS value needed for large files
configure:12463: gcc -c -g -O2  conftest.c >&5
configure:12463: $? = 0
configure:12495: result: no
configure:12580: checking for _LARGEFILE_SOURCE value needed for large files
configure:12599: gcc -o conftest -g -O2   conftest.c  >&5
configure:12599: $? = 0
configure:12627: result: no
configure:12651: checking for dirent.h that defines DIR
configure:12670: gcc -c -g -O2  conftest.c >&5
configure:12670: $? = 0
configure:12678: result: yes
configure:12691: checking for library containing opendir
configure:12722: gcc -o conftest -g -O2   conftest.c  >&5
configure:12722: $? = 0
configure:12739: result: none required
configure:12806: checking for ANSI C header files
configure:12910: result: yes
configure:12918: checking whether closedir returns void
configure:12942: gcc -o conftest -g -O2   conftest.c  >&5
configure:12942: $? = 0
configure:12942: ./conftest
configure:12942: $? = 0
configure:12952: result: no
configure:12963: checking assert.h usability
configure:12963: gcc -c -g -O2  conftest.c >&5
configure:12963: $? = 0
configure:12963: result: yes
configure:12963: checking assert.h presence
configure:12963: gcc -E  conftest.c
configure:12963: $? = 0
configure:12963: result: yes
configure:12963: checking for assert.h
configure:12963: result: yes
configure:12963: checking float.h usability
configure:12963: gcc -c -g -O2  conftest.c >&5
configure:12963: $? = 0
configure:12963: result: yes
configure:12963: checking float.h presence
configure:12963: gcc -E  conftest.c
configure:12963: $? = 0
configure:12963: result: yes
configure:12963: checking for float.h
configure:12963: result: yes
configure:12963: checking limits.h usability
configure:12963: gcc -c -g -O2  conftest.c >&5
configure:12963: $? = 0
configure:12963: result: yes
configure:12963: checking limits.h presence
configure:12963: gcc -E  conftest.c
configure:12963: $? = 0
configure:12963: result: yes
configure:12963: checking for limits.h
configure:12963: result: yes
configure:12963: checking pwd.h usability
configure:12963: gcc -c -g -O2  conftest.c >&5
configure:12963: $? = 0
configure:12963: result: yes
configure:12963: checking pwd.h presence
configure:12963: gcc -E  conftest.c
configure:12963: $? = 0
configure:12963: result: yes
configure:12963: checking for pwd.h
configure:12963: result: yes
configure:12963: checking for stdlib.h
configure:12963: result: yes
configure:12963: checking sys/param.h usability
configure:12963: gcc -c -g -O2  conftest.c >&5
configure:12963: $? = 0
configure:12963: result: yes
configure:12963: checking sys/param.h presence
configure:12963: gcc -E  conftest.c
configure:12963: $? = 0
configure:12963: result: yes
configure:12963: checking for sys/param.h
configure:12963: result: yes
configure:12976: checking for putenv
configure:12976: gcc -o conftest -g -O2   conftest.c  >&5
configure:12976: $? = 0
configure:12976: result: yes
configure:12976: checking for strcasecmp
configure:12976: gcc -o conftest -g -O2   conftest.c  >&5
conftest.c:56:6: warning: conflicting types for built-in function 'strcasecmp' [enabled by default]
 char strcasecmp ();
      ^
configure:12976: $? = 0
configure:12976: result: yes
configure:12976: checking for strtol
configure:12976: gcc -o conftest -g -O2   conftest.c  >&5
configure:12976: $? = 0
configure:12976: result: yes
configure:12976: checking for strstr
configure:12976: gcc -o conftest -g -O2   conftest.c  >&5
conftest.c:58:6: warning: conflicting types for built-in function 'strstr' [enabled by default]
 char strstr ();
      ^
configure:12976: $? = 0
configure:12976: result: yes
configure:12988: checking for getcwd
configure:12988: gcc -o conftest -g -O2   conftest.c  >&5
configure:12988: $? = 0
configure:12988: result: yes
configure:12988: checking for getwd
configure:12988: gcc -o conftest -g -O2   conftest.c  >&5
/tmp/ccfJZ3bw.o: In function `main':
/home/clerk/dev/source/texk/libdpx/conftest.c:71: warning: the `getwd' function is dangerous and should not be used.
configure:12988: $? = 0
configure:12988: result: yes
configure:12988: checking for memcmp
configure:12988: gcc -o conftest -g -O2   conftest.c  >&5
conftest.c:61:6: warning: conflicting types for built-in function 'memcmp' [enabled by default]
 char memcmp ();
      ^
configure:12988: $? = 0
configure:12988: result: yes
configure:12988: checking for memcpy
configure:12988: gcc -o conftest -g -O2   conftest.c  >&5
conftest.c:62:6: warning: conflicting types for built-in function 'memcpy' [enabled by default]
 char memcpy ();
      ^
configure:12988: $? = 0
configure:12988: result: yes
configure:12988: checking for mkstemp
configure:12988: gcc -o conftest -g -O2   conftest.c  >&5
configure:12988: $? = 0
configure:12988: result: yes
configure:12988: checking for mktemp
configure:12988: gcc -o conftest -g -O2   conftest.c  >&5
/tmp/cc6AZU7R.o: In function `main':
/home/clerk/dev/source/texk/libdpx/conftest.c:75: warning: the use of `mktemp' is dangerous, better use `mkstemp' or `mkdtemp'
configure:12988: $? = 0
configure:12988: result: yes
configure:12988: checking for strchr
configure:12988: gcc -o conftest -g -O2   conftest.c  >&5
conftest.c:65:6: warning: conflicting types for built-in function 'strchr' [enabled by default]
 char strchr ();
      ^
configure:12988: $? = 0
configure:12988: result: yes
configure:12988: checking for strrchr
configure:12988: gcc -o conftest -g -O2   conftest.c  >&5
conftest.c:66:6: warning: conflicting types for built-in function 'strrchr' [enabled by default]
 char strrchr ();
      ^
configure:12988: $? = 0
configure:12988: result: yes
configure:12997: checking for an ANSI C-conforming const
configure:13063: gcc -c -g -O2  conftest.c >&5
configure:13063: $? = 0
configure:13070: result: yes
configure:13078: checking for inline
configure:13094: gcc -c -g -O2  conftest.c >&5
configure:13094: $? = 0
configure:13102: result: inline
configure:13120: checking for size_t
configure:13120: gcc -c -g -O2  conftest.c >&5
configure:13120: $? = 0
configure:13120: gcc -c -g -O2  conftest.c >&5
conftest.c: In function 'main':
conftest.c:80:21: error: expected expression before ')' token
 if (sizeof ((size_t)))
                     ^
configure:13120: $? = 1
configure: failed program was:
| /* confdefs.h */
| #define PACKAGE_NAME "dvipdfm-x (TeX Live)"
| #define PACKAGE_TARNAME "dvipdfm-x--tex-live-"
| #define PACKAGE_VERSION "20140317"
| #define PACKAGE_STRING "dvipdfm-x (TeX Live) 20140317"
| #define PACKAGE_BUGREPORT "tex-k@tug.org"
| #define PACKAGE_URL ""
| #define STDC_HEADERS 1
| #define HAVE_SYS_TYPES_H 1
| #define HAVE_SYS_STAT_H 1
| #define HAVE_STDLIB_H 1
| #define HAVE_STRING_H 1
| #define HAVE_MEMORY_H 1
| #define HAVE_STRINGS_H 1
| #define HAVE_INTTYPES_H 1
| #define HAVE_STDINT_H 1
| #define HAVE_UNISTD_H 1
| #define HAVE_DLFCN_H 1
| #define PACKAGE "dvipdfm-x--tex-live-"
| #define VERSION "20140317"
| #define LT_OBJDIR ".libs/"
| #define HAVE_FSEEKO 1
| #define HAVE_DIRENT_H 1
| #define STDC_HEADERS 1
| #define HAVE_ASSERT_H 1
| #define HAVE_FLOAT_H 1
| #define HAVE_LIMITS_H 1
| #define HAVE_PWD_H 1
| #define HAVE_STDLIB_H 1
| #define HAVE_SYS_PARAM_H 1
| #define HAVE_PUTENV 1
| #define HAVE_STRCASECMP 1
| #define HAVE_STRTOL 1
| #define HAVE_STRSTR 1
| #define HAVE_GETCWD 1
| #define HAVE_GETWD 1
| #define HAVE_MEMCMP 1
| #define HAVE_MEMCPY 1
| #define HAVE_MKSTEMP 1
| #define HAVE_MKTEMP 1
| #define HAVE_STRCHR 1
| #define HAVE_STRRCHR 1
| /* end confdefs.h.  */
| #include <stdio.h>
| #ifdef HAVE_SYS_TYPES_H
| # include <sys/types.h>
| #endif
| #ifdef HAVE_SYS_STAT_H
| # include <sys/stat.h>
| #endif
| #ifdef STDC_HEADERS
| # include <stdlib.h>
| # include <stddef.h>
| #else
| # ifdef HAVE_STDLIB_H
| #  include <stdlib.h>
| # endif
| #endif
| #ifdef HAVE_STRING_H
| # if !defined STDC_HEADERS && defined HAVE_MEMORY_H
| #  include <memory.h>
| # endif
| # include <string.h>
| #endif
| #ifdef HAVE_STRINGS_H
| # include <strings.h>
| #endif
| #ifdef HAVE_INTTYPES_H
| # include <inttypes.h>
| #endif
| #ifdef HAVE_STDINT_H
| # include <stdint.h>
| #endif
| #ifdef HAVE_UNISTD_H
| # include <unistd.h>
| #endif
| int
| main ()
| {
| if (sizeof ((size_t)))
| 	    return 0;
|   ;
|   return 0;
| }
configure:13120: result: yes
configure:13131: checking for int64_t
configure:13131: gcc -c -g -O2  conftest.c >&5
configure:13131: $? = 0
configure:13131: gcc -c -g -O2  conftest.c >&5
conftest.c: In function 'main':
conftest.c:82:53: warning: integer overflow in expression [-Woverflow]
    < (int64_t) (((((int64_t) 1 << N) << N) - 1) * 2 + 2))];
                                                     ^
conftest.c:81:12: error: storage size of 'test_array' isn't constant
 static int test_array [1 - 2 * !((int64_t) (((((int64_t) 1 << N) << N) - 1) * 2 + 1)
            ^
configure:13131: $? = 1
configure: failed program was:
| /* confdefs.h */
| #define PACKAGE_NAME "dvipdfm-x (TeX Live)"
| #define PACKAGE_TARNAME "dvipdfm-x--tex-live-"
| #define PACKAGE_VERSION "20140317"
| #define PACKAGE_STRING "dvipdfm-x (TeX Live) 20140317"
| #define PACKAGE_BUGREPORT "tex-k@tug.org"
| #define PACKAGE_URL ""
| #define STDC_HEADERS 1
| #define HAVE_SYS_TYPES_H 1
| #define HAVE_SYS_STAT_H 1
| #define HAVE_STDLIB_H 1
| #define HAVE_STRING_H 1
| #define HAVE_MEMORY_H 1
| #define HAVE_STRINGS_H 1
| #define HAVE_INTTYPES_H 1
| #define HAVE_STDINT_H 1
| #define HAVE_UNISTD_H 1
| #define HAVE_DLFCN_H 1
| #define PACKAGE "dvipdfm-x--tex-live-"
| #define VERSION "20140317"
| #define LT_OBJDIR ".libs/"
| #define HAVE_FSEEKO 1
| #define HAVE_DIRENT_H 1
| #define STDC_HEADERS 1
| #define HAVE_ASSERT_H 1
| #define HAVE_FLOAT_H 1
| #define HAVE_LIMITS_H 1
| #define HAVE_PWD_H 1
| #define HAVE_STDLIB_H 1
| #define HAVE_SYS_PARAM_H 1
| #define HAVE_PUTENV 1
| #define HAVE_STRCASECMP 1
| #define HAVE_STRTOL 1
| #define HAVE_STRSTR 1
| #define HAVE_GETCWD 1
| #define HAVE_GETWD 1
| #define HAVE_MEMCMP 1
| #define HAVE_MEMCPY 1
| #define HAVE_MKSTEMP 1
| #define HAVE_MKTEMP 1
| #define HAVE_STRCHR 1
| #define HAVE_STRRCHR 1
| /* end confdefs.h.  */
| #include <stdio.h>
| #ifdef HAVE_SYS_TYPES_H
| # include <sys/types.h>
| #endif
| #ifdef HAVE_SYS_STAT_H
| # include <sys/stat.h>
| #endif
| #ifdef STDC_HEADERS
| # include <stdlib.h>
| # include <stddef.h>
| #else
| # ifdef HAVE_STDLIB_H
| #  include <stdlib.h>
| # endif
| #endif
| #ifdef HAVE_STRING_H
| # if !defined STDC_HEADERS && defined HAVE_MEMORY_H
| #  include <memory.h>
| # endif
| # include <string.h>
| #endif
| #ifdef HAVE_STRINGS_H
| # include <strings.h>
| #endif
| #ifdef HAVE_INTTYPES_H
| # include <inttypes.h>
| #endif
| #ifdef HAVE_STDINT_H
| # include <stdint.h>
| #endif
| #ifdef HAVE_UNISTD_H
| # include <unistd.h>
| #endif
| 	        enum { N = 64 / 2 - 1 };
| int
| main ()
| {
| static int test_array [1 - 2 * !((int64_t) (((((int64_t) 1 << N) << N) - 1) * 2 + 1)
| 		 < (int64_t) (((((int64_t) 1 << N) << N) - 1) * 2 + 2))];
| test_array [0] = 0;
| return test_array [0];
| 
|   ;
|   return 0;
| }
configure:13131: result: yes
configure:13142: checking for uint64_t
configure:13142: gcc -c -g -O2  conftest.c >&5
configure:13142: $? = 0
configure:13142: result: yes
configure:13162: checking for struct stat.st_mtim
configure:13162: gcc -c -g -O2  conftest.c >&5
conftest.c: In function 'main':
conftest.c:81:5: error: used struct type value where scalar is required
 if (ac_aggr.st_mtim)
     ^
configure:13162: $? = 1
configure: failed program was:
| /* confdefs.h */
| #define PACKAGE_NAME "dvipdfm-x (TeX Live)"
| #define PACKAGE_TARNAME "dvipdfm-x--tex-live-"
| #define PACKAGE_VERSION "20140317"
| #define PACKAGE_STRING "dvipdfm-x (TeX Live) 20140317"
| #define PACKAGE_BUGREPORT "tex-k@tug.org"
| #define PACKAGE_URL ""
| #define STDC_HEADERS 1
| #define HAVE_SYS_TYPES_H 1
| #define HAVE_SYS_STAT_H 1
| #define HAVE_STDLIB_H 1
| #define HAVE_STRING_H 1
| #define HAVE_MEMORY_H 1
| #define HAVE_STRINGS_H 1
| #define HAVE_INTTYPES_H 1
| #define HAVE_STDINT_H 1
| #define HAVE_UNISTD_H 1
| #define HAVE_DLFCN_H 1
| #define PACKAGE "dvipdfm-x--tex-live-"
| #define VERSION "20140317"
| #define LT_OBJDIR ".libs/"
| #define HAVE_FSEEKO 1
| #define HAVE_DIRENT_H 1
| #define STDC_HEADERS 1
| #define HAVE_ASSERT_H 1
| #define HAVE_FLOAT_H 1
| #define HAVE_LIMITS_H 1
| #define HAVE_PWD_H 1
| #define HAVE_STDLIB_H 1
| #define HAVE_SYS_PARAM_H 1
| #define HAVE_PUTENV 1
| #define HAVE_STRCASECMP 1
| #define HAVE_STRTOL 1
| #define HAVE_STRSTR 1
| #define HAVE_GETCWD 1
| #define HAVE_GETWD 1
| #define HAVE_MEMCMP 1
| #define HAVE_MEMCPY 1
| #define HAVE_MKSTEMP 1
| #define HAVE_MKTEMP 1
| #define HAVE_STRCHR 1
| #define HAVE_STRRCHR 1
| /* end confdefs.h.  */
| #include <stdio.h>
| #ifdef HAVE_SYS_TYPES_H
| # include <sys/types.h>
| #endif
| #ifdef HAVE_SYS_STAT_H
| # include <sys/stat.h>
| #endif
| #ifdef STDC_HEADERS
| # include <stdlib.h>
| # include <stddef.h>
| #else
| # ifdef HAVE_STDLIB_H
| #  include <stdlib.h>
| # endif
| #endif
| #ifdef HAVE_STRING_H
| # if !defined STDC_HEADERS && defined HAVE_MEMORY_H
| #  include <memory.h>
| # endif
| # include <string.h>
| #endif
| #ifdef HAVE_STRINGS_H
| # include <strings.h>
| #endif
| #ifdef HAVE_INTTYPES_H
| # include <inttypes.h>
| #endif
| #ifdef HAVE_STDINT_H
| # include <stdint.h>
| #endif
| #ifdef HAVE_UNISTD_H
| # include <unistd.h>
| #endif
| int
| main ()
| {
| static struct stat ac_aggr;
| if (ac_aggr.st_mtim)
| return 0;
|   ;
|   return 0;
| }
configure:13162: gcc -c -g -O2  conftest.c >&5
configure:13162: $? = 0
configure:13162: result: yes
configure:13207: checking for unistd.h
configure:13207: result: yes
configure:13207: checking for stdint.h
configure:13207: result: yes
configure:13207: checking for inttypes.h
configure:13207: result: yes
configure:13207: checking for sys/types.h
configure:13207: result: yes
configure:13207: checking sys/wait.h usability
configure:13207: gcc -c -g -O2  conftest.c >&5
configure:13207: $? = 0
configure:13207: result: yes
configure:13207: checking sys/wait.h presence
configure:13207: gcc -E  conftest.c
configure:13207: $? = 0
configure:13207: result: yes
configure:13207: checking for sys/wait.h
configure:13207: result: yes
configure:13218: checking for working memcmp
configure:13261: gcc -o conftest -g -O2   conftest.c  >&5
configure:13261: $? = 0
configure:13261: ./conftest
configure:13261: $? = 0
configure:13271: result: yes
configure:13283: checking for open
configure:13283: gcc -o conftest -g -O2   conftest.c  >&5
configure:13283: $? = 0
configure:13283: result: yes
configure:13283: checking for close
configure:13283: gcc -o conftest -g -O2   conftest.c  >&5
configure:13283: $? = 0
configure:13283: result: yes
configure:13283: checking for getenv
configure:13283: gcc -o conftest -g -O2   conftest.c  >&5
configure:13283: $? = 0
configure:13283: result: yes
configure:13283: checking for basename
configure:13283: gcc -o conftest -g -O2   conftest.c  >&5
configure:13283: $? = 0
configure:13283: result: yes
configure:13293: checking whether struct tm is in sys/time.h or time.h
configure:13313: gcc -c -g -O2  conftest.c >&5
configure:13313: $? = 0
configure:13320: result: time.h
configure:13328: checking for struct tm.tm_zone
configure:13328: gcc -c -g -O2  conftest.c >&5
configure:13328: $? = 0
configure:13328: result: yes
configure:13395: checking whether byte ordering is bigendian
configure:13410: gcc -c -g -O2  conftest.c >&5
conftest.c:57:9: error: unknown type name 'not'
         not a universal capable compiler
         ^
conftest.c:57:15: error: expected '=', ',', ';', 'asm' or '__attribute__' before 'universal'
         not a universal capable compiler
               ^
conftest.c:57:15: error: unknown type name 'universal'
configure:13410: $? = 1
configure: failed program was:
| /* confdefs.h */
| #define PACKAGE_NAME "dvipdfm-x (TeX Live)"
| #define PACKAGE_TARNAME "dvipdfm-x--tex-live-"
| #define PACKAGE_VERSION "20140317"
| #define PACKAGE_STRING "dvipdfm-x (TeX Live) 20140317"
| #define PACKAGE_BUGREPORT "tex-k@tug.org"
| #define PACKAGE_URL ""
| #define STDC_HEADERS 1
| #define HAVE_SYS_TYPES_H 1
| #define HAVE_SYS_STAT_H 1
| #define HAVE_STDLIB_H 1
| #define HAVE_STRING_H 1
| #define HAVE_MEMORY_H 1
| #define HAVE_STRINGS_H 1
| #define HAVE_INTTYPES_H 1
| #define HAVE_STDINT_H 1
| #define HAVE_UNISTD_H 1
| #define HAVE_DLFCN_H 1
| #define PACKAGE "dvipdfm-x--tex-live-"
| #define VERSION "20140317"
| #define LT_OBJDIR ".libs/"
| #define HAVE_FSEEKO 1
| #define HAVE_DIRENT_H 1
| #define STDC_HEADERS 1
| #define HAVE_ASSERT_H 1
| #define HAVE_FLOAT_H 1
| #define HAVE_LIMITS_H 1
| #define HAVE_PWD_H 1
| #define HAVE_STDLIB_H 1
| #define HAVE_SYS_PARAM_H 1
| #define HAVE_PUTENV 1
| #define HAVE_STRCASECMP 1
| #define HAVE_STRTOL 1
| #define HAVE_STRSTR 1
| #define HAVE_GETCWD 1
| #define HAVE_GETWD 1
| #define HAVE_MEMCMP 1
| #define HAVE_MEMCPY 1
| #define HAVE_MKSTEMP 1
| #define HAVE_MKTEMP 1
| #define HAVE_STRCHR 1
| #define HAVE_STRRCHR 1
| #define HAVE_STRUCT_STAT_ST_MTIM 1
| #define HAVE_UNISTD_H 1
| #define HAVE_STDINT_H 1
| #define HAVE_INTTYPES_H 1
| #define HAVE_SYS_TYPES_H 1
| #define HAVE_SYS_WAIT_H 1
| #define HAVE_OPEN 1
| #define HAVE_CLOSE 1
| #define HAVE_GETENV 1
| #define HAVE_BASENAME 1
| #define HAVE_STRUCT_TM_TM_ZONE 1
| #define HAVE_TM_ZONE 1
| /* end confdefs.h.  */
| #ifndef __APPLE_CC__
| 	       not a universal capable compiler
| 	     #endif
| 	     typedef int dummy;
| 
configure:13455: gcc -c -g -O2  conftest.c >&5
configure:13455: $? = 0
configure:13473: gcc -c -g -O2  conftest.c >&5
conftest.c: In function 'main':
conftest.c:63:4: error: unknown type name 'not'
    not big endian
    ^
conftest.c:63:12: error: expected '=', ',', ';', 'asm' or '__attribute__' before 'endian'
    not big endian
            ^
configure:13473: $? = 1
configure: failed program was:
| /* confdefs.h */
| #define PACKAGE_NAME "dvipdfm-x (TeX Live)"
| #define PACKAGE_TARNAME "dvipdfm-x--tex-live-"
| #define PACKAGE_VERSION "20140317"
| #define PACKAGE_STRING "dvipdfm-x (TeX Live) 20140317"
| #define PACKAGE_BUGREPORT "tex-k@tug.org"
| #define PACKAGE_URL ""
| #define STDC_HEADERS 1
| #define HAVE_SYS_TYPES_H 1
| #define HAVE_SYS_STAT_H 1
| #define HAVE_STDLIB_H 1
| #define HAVE_STRING_H 1
| #define HAVE_MEMORY_H 1
| #define HAVE_STRINGS_H 1
| #define HAVE_INTTYPES_H 1
| #define HAVE_STDINT_H 1
| #define HAVE_UNISTD_H 1
| #define HAVE_DLFCN_H 1
| #define PACKAGE "dvipdfm-x--tex-live-"
| #define VERSION "20140317"
| #define LT_OBJDIR ".libs/"
| #define HAVE_FSEEKO 1
| #define HAVE_DIRENT_H 1
| #define STDC_HEADERS 1
| #define HAVE_ASSERT_H 1
| #define HAVE_FLOAT_H 1
| #define HAVE_LIMITS_H 1
| #define HAVE_PWD_H 1
| #define HAVE_STDLIB_H 1
| #define HAVE_SYS_PARAM_H 1
| #define HAVE_PUTENV 1
| #define HAVE_STRCASECMP 1
| #define HAVE_STRTOL 1
| #define HAVE_STRSTR 1
| #define HAVE_GETCWD 1
| #define HAVE_GETWD 1
| #define HAVE_MEMCMP 1
| #define HAVE_MEMCPY 1
| #define HAVE_MKSTEMP 1
| #define HAVE_MKTEMP 1
| #define HAVE_STRCHR 1
| #define HAVE_STRRCHR 1
| #define HAVE_STRUCT_STAT_ST_MTIM 1
| #define HAVE_UNISTD_H 1
| #define HAVE_STDINT_H 1
| #define HAVE_INTTYPES_H 1
| #define HAVE_SYS_TYPES_H 1
| #define HAVE_SYS_WAIT_H 1
| #define HAVE_OPEN 1
| #define HAVE_CLOSE 1
| #define HAVE_GETENV 1
| #define HAVE_BASENAME 1
| #define HAVE_STRUCT_TM_TM_ZONE 1
| #define HAVE_TM_ZONE 1
| /* end confdefs.h.  */
| #include <sys/types.h>
| 		#include <sys/param.h>
| 
| int
| main ()
| {
| #if BYTE_ORDER != BIG_ENDIAN
| 		 not big endian
| 		#endif
| 
|   ;
|   return 0;
| }
configure:13601: result: no
configure:13619: checking for uint32_t
configure:13619: gcc -c -g -O2  conftest.c >&5
configure:13619: $? = 0
configure:13619: result: yes
configure:13634: checking whether timezone is declared
configure:13634: gcc -c -g -O2  conftest.c >&5
configure:13634: $? = 0
configure:13634: result: yes
configure:13642: checking for struct tm.tm_gmtoff
configure:13642: gcc -c -g -O2  conftest.c >&5
configure:13642: $? = 0
configure:13642: result: yes
configure:13655: checking size of char
configure:13660: gcc -o conftest -g -O2   conftest.c  >&5
configure:13660: $? = 0
configure:13660: ./conftest
configure:13660: $? = 0
configure:13674: result: 1
configure:13688: checking size of short
configure:13693: gcc -o conftest -g -O2   conftest.c  >&5
configure:13693: $? = 0
configure:13693: ./conftest
configure:13693: $? = 0
configure:13707: result: 2
configure:13721: checking size of int
configure:13726: gcc -o conftest -g -O2   conftest.c  >&5
configure:13726: $? = 0
configure:13726: ./conftest
configure:13726: $? = 0
configure:13740: result: 4
configure:13754: checking size of long
configure:13759: gcc -o conftest -g -O2   conftest.c  >&5
configure:13759: $? = 0
configure:13759: ./conftest
configure:13759: $? = 0
configure:13773: result: 8
configure:13784: checking for library containing pow
configure:13815: gcc -o conftest -g -O2   conftest.c  >&5
conftest.c:69:6: warning: conflicting types for built-in function 'pow' [enabled by default]
 char pow ();
      ^
/tmp/ccoVUusS.o: In function `main':
/home/clerk/dev/source/texk/libdpx/conftest.c:73: undefined reference to `pow'
collect2: error: ld returned 1 exit status
configure:13815: $? = 1
configure: failed program was:
| /* confdefs.h */
| #define PACKAGE_NAME "dvipdfm-x (TeX Live)"
| #define PACKAGE_TARNAME "dvipdfm-x--tex-live-"
| #define PACKAGE_VERSION "20140317"
| #define PACKAGE_STRING "dvipdfm-x (TeX Live) 20140317"
| #define PACKAGE_BUGREPORT "tex-k@tug.org"
| #define PACKAGE_URL ""
| #define STDC_HEADERS 1
| #define HAVE_SYS_TYPES_H 1
| #define HAVE_SYS_STAT_H 1
| #define HAVE_STDLIB_H 1
| #define HAVE_STRING_H 1
| #define HAVE_MEMORY_H 1
| #define HAVE_STRINGS_H 1
| #define HAVE_INTTYPES_H 1
| #define HAVE_STDINT_H 1
| #define HAVE_UNISTD_H 1
| #define HAVE_DLFCN_H 1
| #define PACKAGE "dvipdfm-x--tex-live-"
| #define VERSION "20140317"
| #define LT_OBJDIR ".libs/"
| #define HAVE_FSEEKO 1
| #define HAVE_DIRENT_H 1
| #define STDC_HEADERS 1
| #define HAVE_ASSERT_H 1
| #define HAVE_FLOAT_H 1
| #define HAVE_LIMITS_H 1
| #define HAVE_PWD_H 1
| #define HAVE_STDLIB_H 1
| #define HAVE_SYS_PARAM_H 1
| #define HAVE_PUTENV 1
| #define HAVE_STRCASECMP 1
| #define HAVE_STRTOL 1
| #define HAVE_STRSTR 1
| #define HAVE_GETCWD 1
| #define HAVE_GETWD 1
| #define HAVE_MEMCMP 1
| #define HAVE_MEMCPY 1
| #define HAVE_MKSTEMP 1
| #define HAVE_MKTEMP 1
| #define HAVE_STRCHR 1
| #define HAVE_STRRCHR 1
| #define HAVE_STRUCT_STAT_ST_MTIM 1
| #define HAVE_UNISTD_H 1
| #define HAVE_STDINT_H 1
| #define HAVE_INTTYPES_H 1
| #define HAVE_SYS_TYPES_H 1
| #define HAVE_SYS_WAIT_H 1
| #define HAVE_OPEN 1
| #define HAVE_CLOSE 1
| #define HAVE_GETENV 1
| #define HAVE_BASENAME 1
| #define HAVE_STRUCT_TM_TM_ZONE 1
| #define HAVE_TM_ZONE 1
| #define HAVE_TIMEZONE 1
| #define HAVE_TM_GMTOFF 1
| #define SIZEOF_CHAR 1
| #define SIZEOF_SHORT 2
| #define SIZEOF_INT 4
| #define SIZEOF_LONG 8
| /* end confdefs.h.  */
| 
| /* Override any GCC internal prototype to avoid an error.
|    Use char because int might match the return type of a GCC
|    builtin and then its argument prototype would still apply.  */
| #ifdef __cplusplus
| extern "C"
| #endif
| char pow ();
| int
| main ()
| {
| return pow ();
|   ;
|   return 0;
| }
configure:13815: gcc -o conftest -g -O2   conftest.c -lm   >&5
conftest.c:69:6: warning: conflicting types for built-in function 'pow' [enabled by default]
 char pow ();
      ^
configure:13815: $? = 0
configure:13832: result: -lm
configure:13850: creating ./config.lt

## ------------------ ##
## Running config.lt. ##
## ------------------ ##
config.lt:626: creating libtool
configure:15264: checking if libkpathsea supports debugging
configure:15283: ./libtool --mode=link --tag=CC gcc -o conftest -g -O2 -I/home/clerk/dev/source/texk -I/home/clerk/dev/source/texk   conftest.c /home/clerk/dev/source/texk/kpathsea/libkpathsea.la -lm  >&5
libtool: link: gcc -o .libs/conftest -g -O2 -I/home/clerk/dev/source/texk -I/home/clerk/dev/source/texk conftest.c  /home/clerk/dev/source/texk/kpathsea/.libs/libkpathsea.so -lm -Wl,-rpath -Wl,/home/clerk/dev/extra/lib
configure:15283: $? = 0
configure:15294: result: yes
configure:15334: checking if <zlib.h> defines 'z_const'
configure:15353: gcc -c -g -O2 -I/home/clerk/dev/source/libs/zlib/include  conftest.c >&5
configure:15353: $? = 0
configure:15363: result: yes
configure:15419: checking for pkg-config
configure:15435: found /usr/bin/pkg-config
configure:15446: result: pkg-config
configure:15502: checking kpathsea/version.h usability
configure:15502: gcc -c -g -O2 -I/home/clerk/dev/source/texk -I/home/clerk/dev/source/texk  conftest.c >&5
configure:15502: $? = 0
configure:15502: result: yes
configure:15502: checking kpathsea/version.h presence
configure:15502: gcc -E -I/home/clerk/dev/source/texk -I/home/clerk/dev/source/texk  conftest.c
configure:15502: $? = 0
configure:15502: result: yes
configure:15502: checking for kpathsea/version.h
configure:15502: result: yes
configure:15526: ./libtool --mode=link --tag=CC gcc -o conftest -g -O2 -I/home/clerk/dev/source/libs/zlib/include -I/home/clerk/dev/source/texk -I/home/clerk/dev/source/texk   conftest.c /home/clerk/dev/source/libs/zlib/libz.a /home/clerk/dev/source/texk/kpathsea/libkpathsea.la -lm  >&5
libtool: link: gcc -o .libs/conftest -g -O2 -I/home/clerk/dev/source/libs/zlib/include -I/home/clerk/dev/source/texk -I/home/clerk/dev/source/texk conftest.c  /home/clerk/dev/source/libs/zlib/libz.a /home/clerk/dev/source/texk/kpathsea/.libs/libkpathsea.so -lm -Wl,-rpath -Wl,/home/clerk/dev/extra/lib
configure:15526: $? = 0
configure:15549: ./libtool --mode=link --tag=CC gcc -o conftest -g -O2 -I/home/clerk/dev/source/libs/libpng/include -I/home/clerk/dev/source/libs/zlib/include -I/home/clerk/dev/source/texk -I/home/clerk/dev/source/texk   conftest.c /home/clerk/dev/source/libs/libpng/libpng.a /home/clerk/dev/source/libs/zlib/libz.a /home/clerk/dev/source/texk/kpathsea/libkpathsea.la -lm  >&5
libtool: link: gcc -o .libs/conftest -g -O2 -I/home/clerk/dev/source/libs/libpng/include -I/home/clerk/dev/source/libs/zlib/include -I/home/clerk/dev/source/texk -I/home/clerk/dev/source/texk conftest.c  /home/clerk/dev/source/libs/libpng/libpng.a /home/clerk/dev/source/libs/zlib/libz.a /home/clerk/dev/source/texk/kpathsea/.libs/libkpathsea.so -lm -Wl,-rpath -Wl,/home/clerk/dev/extra/lib
configure:15549: $? = 0
configure:15574: checking for native WIN32 or MINGW32
configure:15592: gcc -c -g -O2  conftest.c >&5
conftest.c:67:3: error: unknown type name 'choke'
   choke me
   ^
conftest.c:69:1: error: expected '=', ',', ';', 'asm' or '__attribute__' before 'int'
 int
 ^
configure:15592: $? = 1
configure: failed program was:
| /* confdefs.h */
| #define PACKAGE_NAME "dvipdfm-x (TeX Live)"
| #define PACKAGE_TARNAME "dvipdfm-x--tex-live-"
| #define PACKAGE_VERSION "20140317"
| #define PACKAGE_STRING "dvipdfm-x (TeX Live) 20140317"
| #define PACKAGE_BUGREPORT "tex-k@tug.org"
| #define PACKAGE_URL ""
| #define STDC_HEADERS 1
| #define HAVE_SYS_TYPES_H 1
| #define HAVE_SYS_STAT_H 1
| #define HAVE_STDLIB_H 1
| #define HAVE_STRING_H 1
| #define HAVE_MEMORY_H 1
| #define HAVE_STRINGS_H 1
| #define HAVE_INTTYPES_H 1
| #define HAVE_STDINT_H 1
| #define HAVE_UNISTD_H 1
| #define HAVE_DLFCN_H 1
| #define PACKAGE "dvipdfm-x--tex-live-"
| #define VERSION "20140317"
| #define LT_OBJDIR ".libs/"
| #define HAVE_FSEEKO 1
| #define HAVE_DIRENT_H 1
| #define STDC_HEADERS 1
| #define HAVE_ASSERT_H 1
| #define HAVE_FLOAT_H 1
| #define HAVE_LIMITS_H 1
| #define HAVE_PWD_H 1
| #define HAVE_STDLIB_H 1
| #define HAVE_SYS_PARAM_H 1
| #define HAVE_PUTENV 1
| #define HAVE_STRCASECMP 1
| #define HAVE_STRTOL 1
| #define HAVE_STRSTR 1
| #define HAVE_GETCWD 1
| #define HAVE_GETWD 1
| #define HAVE_MEMCMP 1
| #define HAVE_MEMCPY 1
| #define HAVE_MKSTEMP 1
| #define HAVE_MKTEMP 1
| #define HAVE_STRCHR 1
| #define HAVE_STRRCHR 1
| #define HAVE_STRUCT_STAT_ST_MTIM 1
| #define HAVE_UNISTD_H 1
| #define HAVE_STDINT_H 1
| #define HAVE_INTTYPES_H 1
| #define HAVE_SYS_TYPES_H 1
| #define HAVE_SYS_WAIT_H 1
| #define HAVE_OPEN 1
| #define HAVE_CLOSE 1
| #define HAVE_GETENV 1
| #define HAVE_BASENAME 1
| #define HAVE_STRUCT_TM_TM_ZONE 1
| #define HAVE_TM_ZONE 1
| #define HAVE_TIMEZONE 1
| #define HAVE_TM_GMTOFF 1
| #define SIZEOF_CHAR 1
| #define SIZEOF_SHORT 2
| #define SIZEOF_INT 4
| #define SIZEOF_LONG 8
| #define ZLIB_CONST 1
| #define HAVE_ZLIB 1
| #define HAVE_ZLIB_COMPRESS2 1
| #define HAVE_LIBPNG 1
| /* end confdefs.h.  */
| #ifndef WIN32
|   choke me
| #endif
| int
| main ()
| {
| 
|   ;
|   return 0;
| }
configure:15617: result: no
configure:15764: checking that generated files are newer than configure
configure:15770: result: done
configure:15810: creating ./config.status

## ---------------------- ##
## Running config.status. ##
## ---------------------- ##

This file was extended by dvipdfm-x (TeX Live) config.status 20140317, which was
generated by GNU Autoconf 2.69.  Invocation command line was

  CONFIG_FILES    = 
  CONFIG_HEADERS  = 
  CONFIG_LINKS    = 
  CONFIG_COMMANDS = 
  $ ./config.status 

on Machine

config.status:1167: creating Makefile
config.status:1167: creating config.h
config.status:1427: executing depfiles commands
config.status:1427: executing libtool commands

## ---------------- ##
## Cache variables. ##
## ---------------- ##

ac_cv_build=x86_64-unknown-linux-gnu
ac_cv_c_bigendian=no
ac_cv_c_compiler_gnu=yes
ac_cv_c_const=yes
ac_cv_c_inline=inline
ac_cv_c_int64_t=yes
ac_cv_c_uint32_t=yes
ac_cv_c_uint64_t=yes
ac_cv_env_CC_set=
ac_cv_env_CC_value=
ac_cv_env_CFLAGS_set=
ac_cv_env_CFLAGS_value=
ac_cv_env_CPPFLAGS_set=
ac_cv_env_CPPFLAGS_value=
ac_cv_env_CPP_set=
ac_cv_env_CPP_value=
ac_cv_env_LDFLAGS_set=
ac_cv_env_LDFLAGS_value=
ac_cv_env_LIBS_set=
ac_cv_env_LIBS_value=
ac_cv_env_build_alias_set=
ac_cv_env_build_alias_value=
ac_cv_env_host_alias_set=
ac_cv_env_host_alias_value=
ac_cv_env_target_alias_set=
ac_cv_env_target_alias_value=
ac_cv_func_basename=yes
ac_cv_func_close=yes
ac_cv_func_closedir_void=no
ac_cv_func_getcwd=yes
ac_cv_func_getenv=yes
ac_cv_func_getwd=yes
ac_cv_func_memcmp=yes
ac_cv_func_memcmp_working=yes
ac_cv_func_memcpy=yes
ac_cv_func_mkstemp=yes
ac_cv_func_mktemp=yes
ac_cv_func_open=yes
ac_cv_func_putenv=yes
ac_cv_func_strcasecmp=yes
ac_cv_func_strchr=yes
ac_cv_func_strrchr=yes
ac_cv_func_strstr=yes
ac_cv_func_strtol=yes
ac_cv_have_decl_timezone=yes
ac_cv_header_assert_h=yes
ac_cv_header_dirent_dirent_h=yes
ac_cv_header_dlfcn_h=yes
ac_cv_header_float_h=yes
ac_cv_header_inttypes_h=yes
ac_cv_header_kpathsea_version_h=yes
ac_cv_header_limits_h=yes
ac_cv_header_memory_h=yes
ac_cv_header_pwd_h=yes
ac_cv_header_stdc=yes
ac_cv_header_stdint_h=yes
ac_cv_header_stdlib_h=yes
ac_cv_header_string_h=yes
ac_cv_header_strings_h=yes
ac_cv_header_sys_param_h=yes
ac_cv_header_sys_stat_h=yes
ac_cv_header_sys_types_h=yes
ac_cv_header_sys_wait_h=yes
ac_cv_header_unistd_h=yes
ac_cv_host=x86_64-unknown-linux-gnu
ac_cv_member_struct_stat_st_mtim=yes
ac_cv_member_struct_tm_tm_gmtoff=yes
ac_cv_member_struct_tm_tm_zone=yes
ac_cv_objext=o
ac_cv_path_EGREP='/bin/grep -E'
ac_cv_path_FGREP='/bin/grep -F'
ac_cv_path_GREP=/bin/grep
ac_cv_path_SED=/bin/sed
ac_cv_path_install='/usr/bin/install -c'
ac_cv_path_mkdir=/bin/mkdir
ac_cv_prog_AWK=mawk
ac_cv_prog_CPP='gcc -E'
ac_cv_prog_ac_ct_AR=ar
ac_cv_prog_ac_ct_CC=gcc
ac_cv_prog_ac_ct_MANIFEST_TOOL=mt
ac_cv_prog_ac_ct_OBJDUMP=objdump
ac_cv_prog_ac_ct_PKG_CONFIG=pkg-config
ac_cv_prog_ac_ct_RANLIB=ranlib
ac_cv_prog_ac_ct_STRIP=strip
ac_cv_prog_cc_c89=
ac_cv_prog_cc_g=yes
ac_cv_prog_make_make_set=yes
ac_cv_search_opendir='none required'
ac_cv_search_pow=-lm
ac_cv_sizeof_char=1
ac_cv_sizeof_int=4
ac_cv_sizeof_long=8
ac_cv_sizeof_short=2
ac_cv_struct_tm=time.h
ac_cv_sys_file_offset_bits=no
ac_cv_sys_largefile_CC=no
ac_cv_sys_largefile_source=no
ac_cv_type_size_t=yes
am_cv_CC_dependencies_compiler_type=gcc3
am_cv_make_support_nested_variables=yes
am_cv_prog_cc_c_o=yes
kb_cv_c_prototypes=yes
kpse_cv_have_decl_z_const=yes
kpse_cv_have_win32=no
kpse_cv_kpse_debug=yes
kpse_cv_warning_cflags='-Wimplicit -Wreturn-type -Wdeclaration-after-statement -Wno-unknown-pragmas'
lt_cv_ar_at_file=@
lt_cv_archive_cmds_need_lc=no
lt_cv_deplibs_check_method=pass_all
lt_cv_file_magic_cmd='$MAGIC_CMD'
lt_cv_file_magic_test_file=
lt_cv_ld_reload_flag=-r
lt_cv_nm_interface='BSD nm'
lt_cv_objdir=.libs
lt_cv_path_LD=/usr/bin/ld
lt_cv_path_NM='/usr/bin/nm -B'
lt_cv_path_mainfest_tool=no
lt_cv_prog_compiler_c_o=yes
lt_cv_prog_compiler_pic='-fPIC -DPIC'
lt_cv_prog_compiler_pic_works=yes
lt_cv_prog_compiler_rtti_exceptions=no
lt_cv_prog_compiler_static_works=yes
lt_cv_prog_gnu_ld=yes
lt_cv_sharedlib_from_linklib_cmd='printf %s\n'
lt_cv_shlibpath_overrides_runpath=no
lt_cv_sys_global_symbol_pipe='sed -n -e '\''s/^.*[	 ]\([ABCDGIRSTW][ABCDGIRSTW]*\)[	 ][	 ]*\([_A-Za-z][_A-Za-z0-9]*\)$/\1 \2 \2/p'\'' | sed '\''/ __gnu_lto/d'\'''
lt_cv_sys_global_symbol_to_c_name_address='sed -n -e '\''s/^: \([^ ]*\)[ ]*$/  {\"\1\", (void *) 0},/p'\'' -e '\''s/^[ABCDGIRSTW]* \([^ ]*\) \([^ ]*\)$/  {"\2", (void *) \&\2},/p'\'''
lt_cv_sys_global_symbol_to_c_name_address_lib_prefix='sed -n -e '\''s/^: \([^ ]*\)[ ]*$/  {\"\1\", (void *) 0},/p'\'' -e '\''s/^[ABCDGIRSTW]* \([^ ]*\) \(lib[^ ]*\)$/  {"\2", (void *) \&\2},/p'\'' -e '\''s/^[ABCDGIRSTW]* \([^ ]*\) \([^ ]*\)$/  {"lib\2", (void *) \&\2},/p'\'''
lt_cv_sys_global_symbol_to_cdecl='sed -n -e '\''s/^T .* \(.*\)$/extern int \1();/p'\'' -e '\''s/^[ABCDGIRSTW]* .* \(.*\)$/extern char \1;/p'\'''
lt_cv_sys_max_cmd_len=1572864
lt_cv_to_host_file_cmd=func_convert_file_noop
lt_cv_to_tool_file_cmd=func_convert_file_noop

## ----------------- ##
## Output variables. ##
## ----------------- ##

	cd ${top_builddir}/../../libs/libpng && $(MAKE) $(AM_MAKEFLAGS) rebuild
	cd ${top_builddir}/../../libs/libpng && $(MAKE) $(AM_MAKEFLAGS) rebuild'
	cd ${top_builddir}/../../libs/zlib && $(MAKE) $(AM_MAKEFLAGS) rebuild
	cd ${top_builddir}/../../libs/zlib && $(MAKE) $(AM_MAKEFLAGS) rebuild'
	cd ${top_builddir}/../kpathsea && $(MAKE) $(AM_MAKEFLAGS) rebuild
	cd ${top_builddir}/../kpathsea && $(MAKE) $(AM_MAKEFLAGS) rebuild'
$(KPATHSEA_DEPEND): ${top_srcdir}/../kpathsea/*.[ch] ${top_builddir}/../kpathsea/paths.h
$(LIBPNG_DEPEND): ${top_builddir}/../../libs/libpng/include/png.h
$(ZLIB_DEPEND): ${top_builddir}/../../libs/zlib/include/zconf.h
${top_builddir}/../../libs/libpng/include/png.h:
${top_builddir}/../../libs/zlib/include/zconf.h:
${top_builddir}/../kpathsea/paths.h:
ACLOCAL='${SHELL} /home/clerk/dev/source/build-aux/missing aclocal-1.14'
AMDEPBACKSLASH='\'
AMDEP_FALSE='#'
AMDEP_TRUE=''
AMTAR='$${TAR-tar}'
AM_BACKSLASH='\'
AM_DEFAULT_V='$(AM_DEFAULT_VERBOSITY)'
AM_DEFAULT_VERBOSITY='1'
AM_V='$(V)'
AR='ar'
AS='as'
AUTOCONF='${SHELL} /home/clerk/dev/source/build-aux/missing autoconf'
AUTOHEADER='${SHELL} /home/clerk/dev/source/build-aux/missing autoheader'
AUTOMAKE='${SHELL} /home/clerk/dev/source/build-aux/missing automake-1.14'
AWK='mawk'
CC='gcc'
CCDEPMODE='depmode=gcc3'
CFLAGS='-g -O2'
CPP='gcc -E'
CPPFLAGS=''
CYGPATH_W='echo'
DEFS='-DHAVE_CONFIG_H'
DEPDIR='.deps'
DLLTOOL='false'
DSYMUTIL=''
DUMPBIN=''
DVIPDFMX_FALSE='#'
DVIPDFMX_TRUE=''
ECHO_C=''
ECHO_N='-n'
ECHO_T=''
EGREP='/bin/grep -E'
EXEEXT=''
FGREP='/bin/grep -F'
GREP='/bin/grep'
INSTALL_DATA='${INSTALL} -m 644'
INSTALL_PROGRAM='${INSTALL}'
INSTALL_SCRIPT='${INSTALL}'
INSTALL_STRIP_PROGRAM='$(install_sh) -c -s'
KPATHSEA_DEPEND='${top_builddir}/../kpathsea/libkpathsea.la'
KPATHSEA_INCLUDES='-I/home/clerk/dev/source/texk -I/home/clerk/dev/source/texk'
KPATHSEA_LIBS='/home/clerk/dev/source/texk/kpathsea/libkpathsea.la'
KPATHSEA_RULE='# Rebuild libkpathsea
LD='/usr/bin/ld -m elf_x86_64'
LDFLAGS=''
LIBOBJS=''
LIBPNG_DEPEND='${top_builddir}/../../libs/libpng/libpng.a'
LIBPNG_INCLUDES='-I/home/clerk/dev/source/libs/libpng/include'
LIBPNG_LIBS='/home/clerk/dev/source/libs/libpng/libpng.a'
LIBPNG_RULE='# Rebuild libpng
LIBS='-lm '
LIBTOOL='$(SHELL) $(top_builddir)/libtool'
LIPO=''
LN_S='ln -s'
LTLIBOBJS=''
MAINT='#'
MAINTAINER_MODE_FALSE=''
MAINTAINER_MODE_TRUE='#'
MAKEINFO='${SHELL} /home/clerk/dev/source/build-aux/missing makeinfo'
MANIFEST_TOOL=':'
MKDIR_P='/bin/mkdir -p'
NM='/usr/bin/nm -B'
NMEDIT=''
OBJDUMP='objdump'
OBJEXT='o'
OTOOL64=''
OTOOL=''
PACKAGE='dvipdfm-x--tex-live-'
PACKAGE_BUGREPORT='tex-k@tug.org'
PACKAGE_NAME='dvipdfm-x (TeX Live)'
PACKAGE_STRING='dvipdfm-x (TeX Live) 20140317'
PACKAGE_TARNAME='dvipdfm-x--tex-live-'
PACKAGE_URL=''
PACKAGE_VERSION='20140317'
PATH_SEPARATOR=':'
PKG_CONFIG='pkg-config'
RANLIB='ranlib'
SED='/bin/sed'
SET_MAKE=''
SHELL='/bin/bash'
STRIP='strip'
VERSION='20140317'
WARNING_CFLAGS='-Wimplicit -Wreturn-type -Wdeclaration-after-statement -Wno-unknown-pragmas'
WIN32_CALL_FALSE='#'
WIN32_CALL_TRUE=''
WIN32_FALSE=''
WIN32_TRUE='#'
ZLIB_DEPEND='${top_builddir}/../../libs/zlib/libz.a'
ZLIB_INCLUDES='-I/home/clerk/dev/source/libs/zlib/include'
ZLIB_LIBS='/home/clerk/dev/source/libs/zlib/libz.a'
ZLIB_RULE='# Rebuild libz
ac_ct_AR='ar'
ac_ct_CC='gcc'
ac_ct_DUMPBIN=''
am__EXEEXT_FALSE=''
am__EXEEXT_TRUE='#'
am__fastdepCC_FALSE='#'
am__fastdepCC_TRUE=''
am__include='include'
am__isrc=''
am__leading_dot='.'
am__nodep='_no'
am__quote=''
am__tar='$${TAR-tar} chof - "$$tardir"'
am__untar='$${TAR-tar} xf -'
bindir='${exec_prefix}/bin'
build='x86_64-unknown-linux-gnu'
build_alias=''
build_cpu='x86_64'
build_os='linux-gnu'
build_vendor='unknown'
datadir='${datarootdir}'
datarootdir='${prefix}/share'
docdir='${datarootdir}/doc/${PACKAGE_TARNAME}'
dvidir='${docdir}'
exec_prefix='${prefix}'
host='x86_64-unknown-linux-gnu'
host_alias=''
host_cpu='x86_64'
host_os='linux-gnu'
host_vendor='unknown'
htmldir='${docdir}'
includedir='${prefix}/include'
infodir='${datarootdir}/info'
install_sh='${SHELL} /home/clerk/dev/source/build-aux/install-sh'
libdir='${exec_prefix}/lib'
libexecdir='${exec_prefix}/libexec'
localedir='${datarootdir}/locale'
localstatedir='${prefix}/var'
mandir='${datarootdir}/man'
mkdir_p='$(MKDIR_P)'
oldincludedir='/usr/include'
pdfdir='${docdir}'
prefix='/usr/local'
program_transform_name='s,x,x,'
psdir='${docdir}'
sbindir='${exec_prefix}/sbin'
sharedstatedir='${prefix}/com'
sysconfdir='${prefix}/etc'
target_alias=''

## ----------- ##
## confdefs.h. ##
## ----------- ##

/* confdefs.h */
#define PACKAGE_NAME "dvipdfm-x (TeX Live)"
#define PACKAGE_TARNAME "dvipdfm-x--tex-live-"
#define PACKAGE_VERSION "20140317"
#define PACKAGE_STRING "dvipdfm-x (TeX Live) 20140317"
#define PACKAGE_BUGREPORT "tex-k@tug.org"
#define PACKAGE_URL ""
#define STDC_HEADERS 1
#define HAVE_SYS_TYPES_H 1
#define HAVE_SYS_STAT_H 1
#define HAVE_STDLIB_H 1
#define HAVE_STRING_H 1
#define HAVE_MEMORY_H 1
#define HAVE_STRINGS_H 1
#define HAVE_INTTYPES_H 1
#define HAVE_STDINT_H 1
#define HAVE_UNISTD_H 1
#define HAVE_DLFCN_H 1
#define PACKAGE "dvipdfm-x--tex-live-"
#define VERSION "20140317"
#define LT_OBJDIR ".libs/"
#define HAVE_FSEEKO 1
#define HAVE_DIRENT_H 1
#define STDC_HEADERS 1
#define HAVE_ASSERT_H 1
#define HAVE_FLOAT_H 1
#define HAVE_LIMITS_H 1
#define HAVE_PWD_H 1
#define HAVE_STDLIB_H 1
#define HAVE_SYS_PARAM_H 1
#define HAVE_PUTENV 1
#define HAVE_STRCASECMP 1
#define HAVE_STRTOL 1
#define HAVE_STRSTR 1
#define HAVE_GETCWD 1
#define HAVE_GETWD 1
#define HAVE_MEMCMP 1
#define HAVE_MEMCPY 1
#define HAVE_MKSTEMP 1
#define HAVE_MKTEMP 1
#define HAVE_STRCHR 1
#define HAVE_STRRCHR 1
#define HAVE_STRUCT_STAT_ST_MTIM 1
#define HAVE_UNISTD_H 1
#define HAVE_STDINT_H 1
#define HAVE_INTTYPES_H 1
#define HAVE_SYS_TYPES_H 1
#define HAVE_SYS_WAIT_H 1
#define HAVE_OPEN 1
#define HAVE_CLOSE 1
#define HAVE_GETENV 1
#define HAVE_BASENAME 1
#define HAVE_STRUCT_TM_TM_ZONE 1
#define HAVE_TM_ZONE 1
#define HAVE_TIMEZONE 1
#define HAVE_TM_GMTOFF 1
#define SIZEOF_CHAR 1
#define SIZEOF_SHORT 2
#define SIZEOF_INT 4
#define SIZEOF_LONG 8
#define ZLIB_CONST 1
#define HAVE_ZLIB 1
#define HAVE_ZLIB_COMPRESS2 1
#define HAVE_LIBPNG 1

configure: exit 0
